GAS LISTING /tmp/ccOYSI7E.s 			page 1


   1              		.file	"fstat.c"
   2              		.option nopic
   3              		.attribute arch, "rv32i2p0_m2p0_a2p0_c2p0"
   4              		.attribute unaligned_access, 0
   5              		.attribute stack_align, 16
   6              		.text
   7              	.Ltext0:
   8              		.cfi_sections	.debug_frame
   9              		.section	.text._fstat,"ax",@progbits
  10              		.align	1
  11              		.globl	_fstat
  13              	_fstat:
  14              	.LFB1:
  15              		.file 1 "../../firmware/RISCV/stubs/fstat.c"
   1:../../firmware/RISCV/stubs/fstat.c **** /* See LICENSE of license details. */
   2:../../firmware/RISCV/stubs/fstat.c **** 
   3:../../firmware/RISCV/stubs/fstat.c **** #include <errno.h>
   4:../../firmware/RISCV/stubs/fstat.c **** #include <unistd.h>
   5:../../firmware/RISCV/stubs/fstat.c **** #include <sys/stat.h>
   6:../../firmware/RISCV/stubs/fstat.c **** #include "stub.h"
   7:../../firmware/RISCV/stubs/fstat.c **** 
   8:../../firmware/RISCV/stubs/fstat.c **** int _fstat(int fd, struct stat* st)
   9:../../firmware/RISCV/stubs/fstat.c **** {
  16              		.loc 1 9 1
  17              		.cfi_startproc
  18              	.LVL0:
  10:../../firmware/RISCV/stubs/fstat.c ****   if (isatty(fd)) {
  19              		.loc 1 10 3
   9:../../firmware/RISCV/stubs/fstat.c ****   if (isatty(fd)) {
  20              		.loc 1 9 1 is_stmt 0
  21 0000 4111     		addi	sp,sp,-16
  22              	.LCFI0:
  23              		.cfi_def_cfa_offset 16
  24 0002 22C4     		sw	s0,8(sp)
  25 0004 06C6     		sw	ra,12(sp)
  26              		.cfi_offset 8, -8
  27              		.cfi_offset 1, -4
   9:../../firmware/RISCV/stubs/fstat.c ****   if (isatty(fd)) {
  28              		.loc 1 9 1
  29 0006 2E84     		mv	s0,a1
  30              		.loc 1 10 7
  31 0008 97000000 		call	isatty
  31      E7800000 
  32              	.LVL1:
  33              		.loc 1 10 6
  34 0010 01C9     		beq	a0,zero,.L3
  11:../../firmware/RISCV/stubs/fstat.c ****     st->st_mode = S_IFCHR;
  35              		.loc 1 11 5 is_stmt 1
  36              		.loc 1 11 17 is_stmt 0
  37 0012 8967     		li	a5,8192
  38 0014 5CC0     		sw	a5,4(s0)
  12:../../firmware/RISCV/stubs/fstat.c ****     return 0;
  39              		.loc 1 12 5 is_stmt 1
  40              		.loc 1 12 12 is_stmt 0
  41 0016 0145     		li	a0,0
  42              	.L1:
  13:../../firmware/RISCV/stubs/fstat.c ****   }
GAS LISTING /tmp/ccOYSI7E.s 			page 2


  14:../../firmware/RISCV/stubs/fstat.c **** 
  15:../../firmware/RISCV/stubs/fstat.c ****   return _stub(EBADF);
  16:../../firmware/RISCV/stubs/fstat.c **** }
  43              		.loc 1 16 1
  44 0018 B240     		lw	ra,12(sp)
  45              		.cfi_remember_state
  46              		.cfi_restore 1
  47 001a 2244     		lw	s0,8(sp)
  48              		.cfi_restore 8
  49              	.LVL2:
  50 001c 4101     		addi	sp,sp,16
  51              	.LCFI1:
  52              		.cfi_def_cfa_offset 0
  53 001e 8280     		jr	ra
  54              	.LVL3:
  55              	.L3:
  56              	.LCFI2:
  57              		.cfi_restore_state
  15:../../firmware/RISCV/stubs/fstat.c **** }
  58              		.loc 1 15 10
  59 0020 7D55     		li	a0,-1
  60 0022 DDBF     		j	.L1
  61              		.cfi_endproc
  62              	.LFE1:
  64              		.text
  65              	.Letext0:
  66              		.file 2 "/home/remahl/toolchain-gd32v/toolchain-gd32v-linux/compiler/lib/gcc/riscv64-unknown-elf/8
  67              		.file 3 "/home/remahl/toolchain-gd32v/toolchain-gd32v-linux/compiler/riscv64-unknown-elf/include/m
  68              		.file 4 "/home/remahl/toolchain-gd32v/toolchain-gd32v-linux/compiler/riscv64-unknown-elf/include/s
  69              		.file 5 "/home/remahl/toolchain-gd32v/toolchain-gd32v-linux/compiler/riscv64-unknown-elf/include/s
  70              		.file 6 "/home/remahl/toolchain-gd32v/toolchain-gd32v-linux/compiler/riscv64-unknown-elf/include/s
  71              		.file 7 "/home/remahl/toolchain-gd32v/toolchain-gd32v-linux/compiler/riscv64-unknown-elf/include/s
  72              		.file 8 "/home/remahl/toolchain-gd32v/toolchain-gd32v-linux/compiler/riscv64-unknown-elf/include/s
  73              		.file 9 "/home/remahl/toolchain-gd32v/toolchain-gd32v-linux/compiler/riscv64-unknown-elf/include/s
  74              		.file 10 "/home/remahl/toolchain-gd32v/toolchain-gd32v-linux/compiler/riscv64-unknown-elf/include/
  75              		.file 11 "/home/remahl/toolchain-gd32v/toolchain-gd32v-linux/compiler/riscv64-unknown-elf/include/
  76              		.file 12 "/home/remahl/toolchain-gd32v/toolchain-gd32v-linux/compiler/riscv64-unknown-elf/include/
  77              		.file 13 "../../firmware/RISCV/stubs/stub.h"
GAS LISTING /tmp/ccOYSI7E.s 			page 3


DEFINED SYMBOLS
                            *ABS*:0000000000000000 fstat.c
     /tmp/ccOYSI7E.s:13     .text._fstat:0000000000000000 _fstat
     /tmp/ccOYSI7E.s:17     .text._fstat:0000000000000000 .L0 
     /tmp/ccOYSI7E.s:19     .text._fstat:0000000000000000 .L0 
     /tmp/ccOYSI7E.s:20     .text._fstat:0000000000000000 .L0 
     /tmp/ccOYSI7E.s:21     .text._fstat:0000000000000000 .L0 
     /tmp/ccOYSI7E.s:23     .text._fstat:0000000000000002 .L0 
     /tmp/ccOYSI7E.s:26     .text._fstat:0000000000000006 .L0 
     /tmp/ccOYSI7E.s:27     .text._fstat:0000000000000006 .L0 
     /tmp/ccOYSI7E.s:29     .text._fstat:0000000000000006 .L0 
     /tmp/ccOYSI7E.s:31     .text._fstat:0000000000000008 .L0 
     /tmp/ccOYSI7E.s:34     .text._fstat:0000000000000010 .L0 
     /tmp/ccOYSI7E.s:36     .text._fstat:0000000000000012 .L0 
     /tmp/ccOYSI7E.s:37     .text._fstat:0000000000000012 .L0 
     /tmp/ccOYSI7E.s:40     .text._fstat:0000000000000016 .L0 
     /tmp/ccOYSI7E.s:41     .text._fstat:0000000000000016 .L0 
     /tmp/ccOYSI7E.s:44     .text._fstat:0000000000000018 .L0 
     /tmp/ccOYSI7E.s:45     .text._fstat:000000000000001a .L0 
     /tmp/ccOYSI7E.s:46     .text._fstat:000000000000001a .L0 
     /tmp/ccOYSI7E.s:48     .text._fstat:000000000000001c .L0 
     /tmp/ccOYSI7E.s:52     .text._fstat:000000000000001e .L0 
     /tmp/ccOYSI7E.s:57     .text._fstat:0000000000000020 .L0 
     /tmp/ccOYSI7E.s:59     .text._fstat:0000000000000020 .L0 
     /tmp/ccOYSI7E.s:61     .text._fstat:0000000000000024 .L0 
     /tmp/ccOYSI7E.s:64     .text._fstat:0000000000000024 .L0 
                     .debug_frame:0000000000000000 .L0 
     /tmp/ccOYSI7E.s:55     .text._fstat:0000000000000020 .L3
     /tmp/ccOYSI7E.s:42     .text._fstat:0000000000000018 .L1
     /tmp/ccOYSI7E.s:1934   .debug_abbrev:0000000000000000 .Ldebug_abbrev0
     /tmp/ccOYSI7E.s:2740   .debug_str:00000000000003dd .LASF170
     /tmp/ccOYSI7E.s:2634   .debug_str:00000000000001e4 .LASF171
     /tmp/ccOYSI7E.s:2590   .debug_str:00000000000000e4 .LASF172
     /tmp/ccOYSI7E.s:2538   .debug_ranges:0000000000000000 .Ldebug_ranges0
     /tmp/ccOYSI7E.s:2544   .debug_line:0000000000000000 .Ldebug_line0
     /tmp/ccOYSI7E.s:2678   .debug_str:00000000000002cb .LASF0
     /tmp/ccOYSI7E.s:2596   .debug_str:0000000000000136 .LASF1
     /tmp/ccOYSI7E.s:2734   .debug_str:00000000000003c3 .LASF2
     /tmp/ccOYSI7E.s:2714   .debug_str:0000000000000375 .LASF8
     /tmp/ccOYSI7E.s:2598   .debug_str:0000000000000144 .LASF3
     /tmp/ccOYSI7E.s:2762   .debug_str:00000000000004b7 .LASF4
     /tmp/ccOYSI7E.s:2770   .debug_str:00000000000004da .LASF5
     /tmp/ccOYSI7E.s:2700   .debug_str:000000000000032a .LASF6
     /tmp/ccOYSI7E.s:2620   .debug_str:00000000000001ab .LASF7
     /tmp/ccOYSI7E.s:2654   .debug_str:0000000000000261 .LASF9
     /tmp/ccOYSI7E.s:2688   .debug_str:00000000000002f8 .LASF10
     /tmp/ccOYSI7E.s:2574   .debug_str:0000000000000082 .LASF11
     /tmp/ccOYSI7E.s:2586   .debug_str:00000000000000cc .LASF12
     /tmp/ccOYSI7E.s:2618   .debug_str:00000000000001a0 .LASF13
     /tmp/ccOYSI7E.s:2746   .debug_str:0000000000000468 .LASF14
     /tmp/ccOYSI7E.s:2748   .debug_str:0000000000000474 .LASF15
     /tmp/ccOYSI7E.s:2666   .debug_str:000000000000029a .LASF16
     /tmp/ccOYSI7E.s:2838   .debug_str:0000000000000605 .LASF17
     /tmp/ccOYSI7E.s:2550   .debug_str:0000000000000014 .LASF18
     /tmp/ccOYSI7E.s:2810   .debug_str:0000000000000598 .LASF19
     /tmp/ccOYSI7E.s:2602   .debug_str:0000000000000156 .LASF20
     /tmp/ccOYSI7E.s:2548   .debug_str:000000000000000c .LASF21
GAS LISTING /tmp/ccOYSI7E.s 			page 4


     /tmp/ccOYSI7E.s:2822   .debug_str:00000000000005c8 .LASF22
     /tmp/ccOYSI7E.s:2864   .debug_str:0000000000000680 .LASF23
     /tmp/ccOYSI7E.s:2710   .debug_str:0000000000000367 .LASF24
     /tmp/ccOYSI7E.s:2680   .debug_str:00000000000002d8 .LASF25
     /tmp/ccOYSI7E.s:2814   .debug_str:00000000000005a6 .LASF26
     /tmp/ccOYSI7E.s:2816   .debug_str:00000000000005ae .LASF27
     /tmp/ccOYSI7E.s:2782   .debug_str:000000000000050d .LASF28
     /tmp/ccOYSI7E.s:2892   .debug_str:00000000000006fd .LASF29
     /tmp/ccOYSI7E.s:2850   .debug_str:0000000000000636 .LASF30
     /tmp/ccOYSI7E.s:2758   .debug_str:000000000000049c .LASF31
     /tmp/ccOYSI7E.s:2658   .debug_str:0000000000000272 .LASF32
     /tmp/ccOYSI7E.s:2662   .debug_str:0000000000000283 .LASF37
     /tmp/ccOYSI7E.s:2840   .debug_str:000000000000060d .LASF33
     /tmp/ccOYSI7E.s:2806   .debug_str:0000000000000589 .LASF34
     /tmp/ccOYSI7E.s:2656   .debug_str:000000000000026c .LASF35
     /tmp/ccOYSI7E.s:2858   .debug_str:000000000000066b .LASF36
     /tmp/ccOYSI7E.s:2676   .debug_str:00000000000002c6 .LASF38
     /tmp/ccOYSI7E.s:2592   .debug_str:0000000000000128 .LASF39
     /tmp/ccOYSI7E.s:2832   .debug_str:00000000000005ef .LASF40
     /tmp/ccOYSI7E.s:2606   .debug_str:0000000000000165 .LASF41
     /tmp/ccOYSI7E.s:2896   .debug_str:0000000000000710 .LASF42
     /tmp/ccOYSI7E.s:2742   .debug_str:0000000000000457 .LASF43
     /tmp/ccOYSI7E.s:2728   .debug_str:00000000000003a9 .LASF44
     /tmp/ccOYSI7E.s:2860   .debug_str:0000000000000670 .LASF45
     /tmp/ccOYSI7E.s:2772   .debug_str:00000000000004e4 .LASF46
     /tmp/ccOYSI7E.s:2876   .debug_str:00000000000006b5 .LASF47
     /tmp/ccOYSI7E.s:2612   .debug_str:0000000000000182 .LASF48
     /tmp/ccOYSI7E.s:2648   .debug_str:000000000000024e .LASF49
     /tmp/ccOYSI7E.s:2546   .debug_str:0000000000000000 .LASF50
     /tmp/ccOYSI7E.s:2846   .debug_str:0000000000000628 .LASF51
     /tmp/ccOYSI7E.s:2626   .debug_str:00000000000001c5 .LASF52
     /tmp/ccOYSI7E.s:2744   .debug_str:0000000000000460 .LASF53
     /tmp/ccOYSI7E.s:2798   .debug_str:0000000000000559 .LASF54
     /tmp/ccOYSI7E.s:2650   .debug_str:0000000000000256 .LASF55
     /tmp/ccOYSI7E.s:2774   .debug_str:00000000000004ee .LASF56
     /tmp/ccOYSI7E.s:2604   .debug_str:000000000000015f .LASF57
     /tmp/ccOYSI7E.s:2552   .debug_str:000000000000001c .LASF58
     /tmp/ccOYSI7E.s:2784   .debug_str:0000000000000518 .LASF59
     /tmp/ccOYSI7E.s:2624   .debug_str:00000000000001be .LASF60
     /tmp/ccOYSI7E.s:2690   .debug_str:000000000000030a .LASF61
     /tmp/ccOYSI7E.s:2578   .debug_str:00000000000000a3 .LASF62
     /tmp/ccOYSI7E.s:2614   .debug_str:0000000000000190 .LASF63
     /tmp/ccOYSI7E.s:2668   .debug_str:00000000000002a2 .LASF64
     /tmp/ccOYSI7E.s:2726   .debug_str:00000000000003a2 .LASF65
     /tmp/ccOYSI7E.s:2818   .debug_str:00000000000005b6 .LASF66
     /tmp/ccOYSI7E.s:2880   .debug_str:00000000000006cf .LASF67
     /tmp/ccOYSI7E.s:2600   .debug_str:0000000000000150 .LASF68
     /tmp/ccOYSI7E.s:2872   .debug_str:00000000000006a7 .LASF69
     /tmp/ccOYSI7E.s:2632   .debug_str:00000000000001db .LASF70
     /tmp/ccOYSI7E.s:2642   .debug_str:0000000000000227 .LASF71
     /tmp/ccOYSI7E.s:2568   .debug_str:000000000000005c .LASF72
     /tmp/ccOYSI7E.s:2716   .debug_str:000000000000037c .LASF73
     /tmp/ccOYSI7E.s:2788   .debug_str:000000000000052a .LASF74
     /tmp/ccOYSI7E.s:2720   .debug_str:0000000000000389 .LASF75
     /tmp/ccOYSI7E.s:2808   .debug_str:0000000000000591 .LASF76
     /tmp/ccOYSI7E.s:2826   .debug_str:00000000000005d9 .LASF77
     /tmp/ccOYSI7E.s:2628   .debug_str:00000000000001cd .LASF78
GAS LISTING /tmp/ccOYSI7E.s 			page 5


     /tmp/ccOYSI7E.s:2682   .debug_str:00000000000002df .LASF79
     /tmp/ccOYSI7E.s:2660   .debug_str:000000000000027b .LASF80
     /tmp/ccOYSI7E.s:2796   .debug_str:0000000000000554 .LASF81
     /tmp/ccOYSI7E.s:2560   .debug_str:0000000000000039 .LASF82
     /tmp/ccOYSI7E.s:2804   .debug_str:0000000000000570 .LASF83
     /tmp/ccOYSI7E.s:2800   .debug_str:000000000000055e .LASF84
     /tmp/ccOYSI7E.s:2636   .debug_str:0000000000000207 .LASF85
     /tmp/ccOYSI7E.s:2802   .debug_str:0000000000000566 .LASF86
     /tmp/ccOYSI7E.s:2708   .debug_str:000000000000035f .LASF87
     /tmp/ccOYSI7E.s:2670   .debug_str:00000000000002a8 .LASF88
     /tmp/ccOYSI7E.s:2890   .debug_str:00000000000006f8 .LASF89
     /tmp/ccOYSI7E.s:2754   .debug_str:0000000000000488 .LASF90
     /tmp/ccOYSI7E.s:2686   .debug_str:00000000000002f0 .LASF91
     /tmp/ccOYSI7E.s:2640   .debug_str:000000000000021f .LASF92
     /tmp/ccOYSI7E.s:2764   .debug_str:00000000000004c5 .LASF93
     /tmp/ccOYSI7E.s:2702   .debug_str:000000000000033d .LASF94
     /tmp/ccOYSI7E.s:2868   .debug_str:0000000000000693 .LASF95
     /tmp/ccOYSI7E.s:2616   .debug_str:0000000000000198 .LASF96
     /tmp/ccOYSI7E.s:2610   .debug_str:000000000000017d .LASF97
     /tmp/ccOYSI7E.s:2828   .debug_str:00000000000005e0 .LASF98
     /tmp/ccOYSI7E.s:2780   .debug_str:0000000000000506 .LASF99
     /tmp/ccOYSI7E.s:2862   .debug_str:000000000000067a .LASF100
     /tmp/ccOYSI7E.s:2696   .debug_str:000000000000031d .LASF101
     /tmp/ccOYSI7E.s:2778   .debug_str:0000000000000500 .LASF102
     /tmp/ccOYSI7E.s:2556   .debug_str:000000000000002a .LASF103
     /tmp/ccOYSI7E.s:2812   .debug_str:00000000000005a0 .LASF104
     /tmp/ccOYSI7E.s:2836   .debug_str:00000000000005ff .LASF105
     /tmp/ccOYSI7E.s:2848   .debug_str:0000000000000631 .LASF106
     /tmp/ccOYSI7E.s:2856   .debug_str:000000000000065e .LASF107
     /tmp/ccOYSI7E.s:2842   .debug_str:0000000000000613 .LASF108
     /tmp/ccOYSI7E.s:2706   .debug_str:0000000000000352 .LASF109
     /tmp/ccOYSI7E.s:2878   .debug_str:00000000000006c0 .LASF110
     /tmp/ccOYSI7E.s:2664   .debug_str:000000000000028b .LASF111
     /tmp/ccOYSI7E.s:2790   .debug_str:0000000000000533 .LASF112
     /tmp/ccOYSI7E.s:2882   .debug_str:00000000000006d6 .LASF113
     /tmp/ccOYSI7E.s:2794   .debug_str:0000000000000547 .LASF114
     /tmp/ccOYSI7E.s:2888   .debug_str:00000000000006ea .LASF115
     /tmp/ccOYSI7E.s:2608   .debug_str:000000000000016f .LASF116
     /tmp/ccOYSI7E.s:2866   .debug_str:0000000000000689 .LASF117
     /tmp/ccOYSI7E.s:2704   .debug_str:0000000000000346 .LASF118
     /tmp/ccOYSI7E.s:2852   .debug_str:000000000000063e .LASF119
     /tmp/ccOYSI7E.s:2646   .debug_str:0000000000000240 .LASF120
     /tmp/ccOYSI7E.s:2584   .debug_str:00000000000000bd .LASF121
     /tmp/ccOYSI7E.s:2644   .debug_str:000000000000022f .LASF122
     /tmp/ccOYSI7E.s:2570   .debug_str:0000000000000062 .LASF123
     /tmp/ccOYSI7E.s:2572   .debug_str:0000000000000071 .LASF124
     /tmp/ccOYSI7E.s:2768   .debug_str:00000000000004d1 .LASF125
     /tmp/ccOYSI7E.s:2738   .debug_str:00000000000003d6 .LASF126
     /tmp/ccOYSI7E.s:2730   .debug_str:00000000000003b3 .LASF127
     /tmp/ccOYSI7E.s:2874   .debug_str:00000000000006ad .LASF128
     /tmp/ccOYSI7E.s:2580   .debug_str:00000000000000ac .LASF173
     /tmp/ccOYSI7E.s:2820   .debug_str:00000000000005bc .LASF129
     /tmp/ccOYSI7E.s:2854   .debug_str:000000000000064b .LASF130
     /tmp/ccOYSI7E.s:2638   .debug_str:0000000000000212 .LASF131
     /tmp/ccOYSI7E.s:2786   .debug_str:0000000000000520 .LASF132
     /tmp/ccOYSI7E.s:2752   .debug_str:0000000000000481 .LASF133
     /tmp/ccOYSI7E.s:2684   .debug_str:00000000000002e7 .LASF134
GAS LISTING /tmp/ccOYSI7E.s 			page 6


     /tmp/ccOYSI7E.s:2870   .debug_str:000000000000069d .LASF135
     /tmp/ccOYSI7E.s:2898   .debug_str:000000000000071a .LASF136
     /tmp/ccOYSI7E.s:2692   .debug_str:0000000000000310 .LASF137
     /tmp/ccOYSI7E.s:2750   .debug_str:000000000000047b .LASF138
     /tmp/ccOYSI7E.s:2698   .debug_str:0000000000000324 .LASF139
     /tmp/ccOYSI7E.s:2652   .debug_str:000000000000025b .LASF140
     /tmp/ccOYSI7E.s:2558   .debug_str:0000000000000032 .LASF141
     /tmp/ccOYSI7E.s:2554   .debug_str:0000000000000022 .LASF142
     /tmp/ccOYSI7E.s:2712   .debug_str:000000000000036d .LASF143
     /tmp/ccOYSI7E.s:2732   .debug_str:00000000000003bc .LASF144
     /tmp/ccOYSI7E.s:2736   .debug_str:00000000000003cf .LASF145
     /tmp/ccOYSI7E.s:2834   .debug_str:00000000000005f8 .LASF146
     /tmp/ccOYSI7E.s:2884   .debug_str:00000000000006db .LASF147
     /tmp/ccOYSI7E.s:2724   .debug_str:0000000000000399 .LASF148
     /tmp/ccOYSI7E.s:2756   .debug_str:0000000000000492 .LASF149
     /tmp/ccOYSI7E.s:2562   .debug_str:0000000000000044 .LASF150
     /tmp/ccOYSI7E.s:2588   .debug_str:00000000000000dc .LASF151
     /tmp/ccOYSI7E.s:2594   .debug_str:0000000000000131 .LASF152
     /tmp/ccOYSI7E.s:2564   .debug_str:000000000000004e .LASF153
     /tmp/ccOYSI7E.s:2766   .debug_str:00000000000004ca .LASF154
     /tmp/ccOYSI7E.s:2844   .debug_str:0000000000000620 .LASF155
     /tmp/ccOYSI7E.s:2760   .debug_str:00000000000004ae .LASF156
     /tmp/ccOYSI7E.s:2694   .debug_str:0000000000000316 .LASF157
     /tmp/ccOYSI7E.s:2566   .debug_str:0000000000000055 .LASF158
     /tmp/ccOYSI7E.s:2886   .debug_str:00000000000006e2 .LASF159
     /tmp/ccOYSI7E.s:2722   .debug_str:0000000000000391 .LASF160
     /tmp/ccOYSI7E.s:2824   .debug_str:00000000000005d0 .LASF161
     /tmp/ccOYSI7E.s:2672   .debug_str:00000000000002b2 .LASF162
     /tmp/ccOYSI7E.s:2894   .debug_str:0000000000000707 .LASF163
     /tmp/ccOYSI7E.s:2674   .debug_str:00000000000002bc .LASF164
     /tmp/ccOYSI7E.s:2792   .debug_str:000000000000053e .LASF165
     /tmp/ccOYSI7E.s:2622   .debug_str:00000000000001b4 .LASF166
     /tmp/ccOYSI7E.s:2776   .debug_str:00000000000004f5 .LASF167
     /tmp/ccOYSI7E.s:2576   .debug_str:0000000000000099 .LASF168
     /tmp/ccOYSI7E.s:2830   .debug_str:00000000000005e5 .LASF169
     /tmp/ccOYSI7E.s:2630   .debug_str:00000000000001d4 .LASF174
     /tmp/ccOYSI7E.s:14     .text._fstat:0000000000000000 .LFB1
     /tmp/ccOYSI7E.s:62     .text._fstat:0000000000000024 .LFE1
     /tmp/ccOYSI7E.s:2466   .debug_loc:0000000000000000 .LLST0
     /tmp/ccOYSI7E.s:2489   .debug_loc:0000000000000038 .LLST1
     /tmp/ccOYSI7E.s:2503   .debug_loc:0000000000000059 .LLST2
     /tmp/ccOYSI7E.s:32     .text._fstat:0000000000000010 .LVL1
     /tmp/ccOYSI7E.s:2582   .debug_str:00000000000000b7 .LASF175
     /tmp/ccOYSI7E.s:2718   .debug_str:0000000000000382 .LASF176
     /tmp/ccOYSI7E.s:22     .text._fstat:0000000000000002 .LCFI0
     /tmp/ccOYSI7E.s:51     .text._fstat:000000000000001e .LCFI1
     /tmp/ccOYSI7E.s:56     .text._fstat:0000000000000020 .LCFI2
     /tmp/ccOYSI7E.s:18     .text._fstat:0000000000000000 .LVL0
     /tmp/ccOYSI7E.s:49     .text._fstat:000000000000001c .LVL2
     /tmp/ccOYSI7E.s:54     .text._fstat:0000000000000020 .LVL3
     /tmp/ccOYSI7E.s:79     .debug_info:0000000000000000 .Ldebug_info0

UNDEFINED SYMBOLS
isatty
