GAS LISTING /tmp/ccvSw7S2.s 			page 1


   1              		.file	"init.c"
   2              		.option nopic
   3              		.attribute arch, "rv32i2p0_m2p0_a2p0_c2p0"
   4              		.attribute unaligned_access, 0
   5              		.attribute stack_align, 16
   6              		.text
   7              	.Ltext0:
   8              		.cfi_sections	.debug_frame
   9              		.section	.text._init,"ax",@progbits
  10              		.align	1
  11              		.globl	_init
  13              	_init:
  14              	.LFB5:
  15              		.file 1 "../../firmware/RISCV/env_Eclipse/init.c"
   1:../../firmware/RISCV/env_Eclipse/init.c **** //See LICENSE for license details.
   2:../../firmware/RISCV/env_Eclipse/init.c **** #include <gd32vf103.h>
   3:../../firmware/RISCV/env_Eclipse/init.c **** #include <stdint.h>
   4:../../firmware/RISCV/env_Eclipse/init.c **** #include <stdio.h>
   5:../../firmware/RISCV/env_Eclipse/init.c **** #include <unistd.h>
   6:../../firmware/RISCV/env_Eclipse/init.c **** #include "riscv_encoding.h"
   7:../../firmware/RISCV/env_Eclipse/init.c **** #include "n200_func.h"
   8:../../firmware/RISCV/env_Eclipse/init.c **** 
   9:../../firmware/RISCV/env_Eclipse/init.c **** extern uint32_t disable_mcycle_minstret();
  10:../../firmware/RISCV/env_Eclipse/init.c **** void _init()
  11:../../firmware/RISCV/env_Eclipse/init.c **** {
  16              		.loc 1 11 1
  17              		.cfi_startproc
  12:../../firmware/RISCV/env_Eclipse/init.c **** 	SystemInit();
  18              		.loc 1 12 2
  11:../../firmware/RISCV/env_Eclipse/init.c **** 	SystemInit();
  19              		.loc 1 11 1 is_stmt 0
  20 0000 4111     		addi	sp,sp,-16
  21              	.LCFI0:
  22              		.cfi_def_cfa_offset 16
  23 0002 06C6     		sw	ra,12(sp)
  24              		.cfi_offset 1, -4
  25              		.loc 1 12 2
  26 0004 97000000 		call	SystemInit
  26      E7800000 
  27              	.LVL0:
  13:../../firmware/RISCV/env_Eclipse/init.c **** 
  14:../../firmware/RISCV/env_Eclipse/init.c **** 	//ECLIC init
  15:../../firmware/RISCV/env_Eclipse/init.c **** 	eclic_init(ECLIC_NUM_INTERRUPTS);
  28              		.loc 1 15 2 is_stmt 1
  29 000c 13057005 		li	a0,87
  30 0010 97000000 		call	eclic_init
  30      E7800000 
  31              	.LVL1:
  16:../../firmware/RISCV/env_Eclipse/init.c **** 	eclic_mode_enable();
  32              		.loc 1 16 2
  33 0018 97000000 		call	eclic_mode_enable
  33      E7800000 
  34              	.LVL2:
  17:../../firmware/RISCV/env_Eclipse/init.c **** 
  18:../../firmware/RISCV/env_Eclipse/init.c **** 	//printf("After ECLIC mode enabled, the mtvec value is %x \n\n\r", read_csr(mtvec));
  19:../../firmware/RISCV/env_Eclipse/init.c **** 
  20:../../firmware/RISCV/env_Eclipse/init.c **** 	// // It must be NOTED:
GAS LISTING /tmp/ccvSw7S2.s 			page 2


  21:../../firmware/RISCV/env_Eclipse/init.c **** 	//  //    * In the RISC-V arch, if user mode and PMP supported, then by default if PMP is not conf
  22:../../firmware/RISCV/env_Eclipse/init.c **** 	//  //      with valid entries, then user mode cannot access any memory, and cannot execute any in
  23:../../firmware/RISCV/env_Eclipse/init.c **** 	//  //    * So if switch to user-mode and still want to continue, then you must configure PMP firs
  24:../../firmware/RISCV/env_Eclipse/init.c **** 	//pmp_open_all_space();
  25:../../firmware/RISCV/env_Eclipse/init.c **** 	//switch_m2u_mode();
  26:../../firmware/RISCV/env_Eclipse/init.c **** 	
  27:../../firmware/RISCV/env_Eclipse/init.c ****     /* Before enter into main, add the cycle/instret disable by default to save power,
  28:../../firmware/RISCV/env_Eclipse/init.c ****     only use them when needed to measure the cycle/instret */
  29:../../firmware/RISCV/env_Eclipse/init.c **** 	disable_mcycle_minstret();
  35              		.loc 1 29 2
  30:../../firmware/RISCV/env_Eclipse/init.c **** }
  36              		.loc 1 30 1 is_stmt 0
  37 0020 B240     		lw	ra,12(sp)
  38              		.cfi_restore 1
  39 0022 4101     		addi	sp,sp,16
  40              	.LCFI1:
  41              		.cfi_def_cfa_offset 0
  29:../../firmware/RISCV/env_Eclipse/init.c **** }
  42              		.loc 1 29 2
  43 0024 17030000 		tail	disable_mcycle_minstret
  43      67000300 
  44              	.LVL3:
  45              		.cfi_endproc
  46              	.LFE5:
  48              		.section	.text._fini,"ax",@progbits
  49              		.align	1
  50              		.globl	_fini
  52              	_fini:
  53              	.LFB6:
  31:../../firmware/RISCV/env_Eclipse/init.c **** 
  32:../../firmware/RISCV/env_Eclipse/init.c **** void _fini()
  33:../../firmware/RISCV/env_Eclipse/init.c **** {
  54              		.loc 1 33 1 is_stmt 1
  55              		.cfi_startproc
  34:../../firmware/RISCV/env_Eclipse/init.c **** }
  56              		.loc 1 34 1
  57 0000 8280     		ret
  58              		.cfi_endproc
  59              	.LFE6:
  61              		.text
  62              	.Letext0:
  63              		.file 2 "/home/remahl/toolchain-gd32v/toolchain-gd32v-linux/compiler/riscv64-unknown-elf/include/m
  64              		.file 3 "/home/remahl/toolchain-gd32v/toolchain-gd32v-linux/compiler/riscv64-unknown-elf/include/s
  65              		.file 4 "/home/remahl/toolchain-gd32v/toolchain-gd32v-linux/compiler/lib/gcc/riscv64-unknown-elf/8
  66              		.file 5 "/home/remahl/toolchain-gd32v/toolchain-gd32v-linux/compiler/riscv64-unknown-elf/include/s
  67              		.file 6 "/home/remahl/toolchain-gd32v/toolchain-gd32v-linux/compiler/riscv64-unknown-elf/include/s
  68              		.file 7 "/home/remahl/toolchain-gd32v/toolchain-gd32v-linux/compiler/riscv64-unknown-elf/include/s
  69              		.file 8 "../../firmware/GD32VF103_standard_peripheral/system_gd32vf103.h"
  70              		.file 9 "/home/remahl/toolchain-gd32v/toolchain-gd32v-linux/compiler/riscv64-unknown-elf/include/s
  71              		.file 10 "../../firmware/RISCV/drivers/n200_func.h"
  72              		.file 11 "../../firmware/GD32VF103_standard_peripheral/gd32vf103.h"
GAS LISTING /tmp/ccvSw7S2.s 			page 3


DEFINED SYMBOLS
                            *ABS*:0000000000000000 init.c
     /tmp/ccvSw7S2.s:13     .text._init:0000000000000000 _init
     /tmp/ccvSw7S2.s:17     .text._init:0000000000000000 .L0 
     /tmp/ccvSw7S2.s:18     .text._init:0000000000000000 .L0 
     /tmp/ccvSw7S2.s:19     .text._init:0000000000000000 .L0 
     /tmp/ccvSw7S2.s:20     .text._init:0000000000000000 .L0 
     /tmp/ccvSw7S2.s:22     .text._init:0000000000000002 .L0 
     /tmp/ccvSw7S2.s:24     .text._init:0000000000000004 .L0 
     /tmp/ccvSw7S2.s:26     .text._init:0000000000000004 .L0 
     /tmp/ccvSw7S2.s:29     .text._init:000000000000000c .L0 
     /tmp/ccvSw7S2.s:33     .text._init:0000000000000018 .L0 
     /tmp/ccvSw7S2.s:36     .text._init:0000000000000020 .L0 
     /tmp/ccvSw7S2.s:37     .text._init:0000000000000020 .L0 
     /tmp/ccvSw7S2.s:38     .text._init:0000000000000022 .L0 
     /tmp/ccvSw7S2.s:41     .text._init:0000000000000024 .L0 
     /tmp/ccvSw7S2.s:43     .text._init:0000000000000024 .L0 
     /tmp/ccvSw7S2.s:45     .text._init:000000000000002c .L0 
     /tmp/ccvSw7S2.s:52     .text._fini:0000000000000000 _fini
     /tmp/ccvSw7S2.s:55     .text._fini:0000000000000000 .L0 
     /tmp/ccvSw7S2.s:56     .text._fini:0000000000000000 .L0 
     /tmp/ccvSw7S2.s:57     .text._fini:0000000000000000 .L0 
     /tmp/ccvSw7S2.s:58     .text._fini:0000000000000002 .L0 
     /tmp/ccvSw7S2.s:48     .text._init:000000000000002c .L0 
     /tmp/ccvSw7S2.s:61     .text._fini:0000000000000002 .L0 
                     .debug_frame:0000000000000000 .L0 
     /tmp/ccvSw7S2.s:1818   .debug_abbrev:0000000000000000 .Ldebug_abbrev0
     /tmp/ccvSw7S2.s:2628   .debug_str:0000000000000527 .LASF199
     /tmp/ccvSw7S2.s:2698   .debug_str:0000000000000717 .LASF200
     /tmp/ccvSw7S2.s:2452   .debug_str:000000000000013f .LASF201
     /tmp/ccvSw7S2.s:2396   .debug_ranges:0000000000000000 .Ldebug_ranges0
     /tmp/ccvSw7S2.s:2404   .debug_line:0000000000000000 .Ldebug_line0
     /tmp/ccvSw7S2.s:2606   .debug_str:00000000000004b3 .LASF202
     /tmp/ccvSw7S2.s:2524   .debug_str:000000000000030e .LASF0
     /tmp/ccvSw7S2.s:2812   .debug_str:0000000000000982 .LASF1
     /tmp/ccvSw7S2.s:2754   .debug_str:000000000000083f .LASF2
     /tmp/ccvSw7S2.s:2518   .debug_str:00000000000002df .LASF3
     /tmp/ccvSw7S2.s:2598   .debug_str:000000000000048a .LASF4
     /tmp/ccvSw7S2.s:2576   .debug_str:0000000000000432 .LASF5
     /tmp/ccvSw7S2.s:2792   .debug_str:0000000000000910 .LASF6
     /tmp/ccvSw7S2.s:2744   .debug_str:0000000000000804 .LASF7
     /tmp/ccvSw7S2.s:2578   .debug_str:000000000000043d .LASF8
     /tmp/ccvSw7S2.s:2784   .debug_str:00000000000008e5 .LASF9
     /tmp/ccvSw7S2.s:2662   .debug_str:000000000000065c .LASF10
     /tmp/ccvSw7S2.s:2766   .debug_str:000000000000088a .LASF11
     /tmp/ccvSw7S2.s:2816   .debug_str:0000000000000999 .LASF12
     /tmp/ccvSw7S2.s:2442   .debug_str:00000000000000ed .LASF13
     /tmp/ccvSw7S2.s:2622   .debug_str:00000000000004fd .LASF14
     /tmp/ccvSw7S2.s:2664   .debug_str:0000000000000669 .LASF15
     /tmp/ccvSw7S2.s:2676   .debug_str:000000000000069f .LASF16
     /tmp/ccvSw7S2.s:2438   .debug_str:00000000000000cf .LASF17
     /tmp/ccvSw7S2.s:2504   .debug_str:000000000000028a .LASF18
     /tmp/ccvSw7S2.s:2554   .debug_str:00000000000003ad .LASF19
     /tmp/ccvSw7S2.s:2638   .debug_str:00000000000005cc .LASF20
     /tmp/ccvSw7S2.s:2776   .debug_str:00000000000008b5 .LASF21
     /tmp/ccvSw7S2.s:2410   .debug_str:0000000000000016 .LASF22
     /tmp/ccvSw7S2.s:2446   .debug_str:0000000000000107 .LASF23
GAS LISTING /tmp/ccvSw7S2.s 			page 4


     /tmp/ccvSw7S2.s:2514   .debug_str:00000000000002c7 .LASF24
     /tmp/ccvSw7S2.s:2412   .debug_str:0000000000000029 .LASF25
     /tmp/ccvSw7S2.s:2456   .debug_str:000000000000018c .LASF26
     /tmp/ccvSw7S2.s:2508   .debug_str:00000000000002ab .LASF27
     /tmp/ccvSw7S2.s:2498   .debug_str:0000000000000260 .LASF28
     /tmp/ccvSw7S2.s:2546   .debug_str:000000000000037e .LASF29
     /tmp/ccvSw7S2.s:2470   .debug_str:00000000000001cd .LASF30
     /tmp/ccvSw7S2.s:2786   .debug_str:00000000000008ee .LASF31
     /tmp/ccvSw7S2.s:2448   .debug_str:0000000000000113 .LASF32
     /tmp/ccvSw7S2.s:2618   .debug_str:00000000000004ea .LASF33
     /tmp/ccvSw7S2.s:2658   .debug_str:000000000000064a .LASF34
     /tmp/ccvSw7S2.s:2726   .debug_str:00000000000007a9 .LASF35
     /tmp/ccvSw7S2.s:2656   .debug_str:000000000000063d .LASF36
     /tmp/ccvSw7S2.s:2740   .debug_str:00000000000007f1 .LASF37
     /tmp/ccvSw7S2.s:2422   .debug_str:0000000000000060 .LASF38
     /tmp/ccvSw7S2.s:2804   .debug_str:0000000000000952 .LASF39
     /tmp/ccvSw7S2.s:2538   .debug_str:0000000000000351 .LASF40
     /tmp/ccvSw7S2.s:2584   .debug_str:0000000000000454 .LASF41
     /tmp/ccvSw7S2.s:2482   .debug_str:000000000000020f .LASF42
     /tmp/ccvSw7S2.s:2650   .debug_str:0000000000000620 .LASF43
     /tmp/ccvSw7S2.s:2710   .debug_str:0000000000000764 .LASF44
     /tmp/ccvSw7S2.s:2768   .debug_str:0000000000000895 .LASF45
     /tmp/ccvSw7S2.s:2734   .debug_str:00000000000007d1 .LASF46
     /tmp/ccvSw7S2.s:2810   .debug_str:0000000000000972 .LASF47
     /tmp/ccvSw7S2.s:2528   .debug_str:0000000000000325 .LASF48
     /tmp/ccvSw7S2.s:2486   .debug_str:000000000000022d .LASF49
     /tmp/ccvSw7S2.s:2624   .debug_str:0000000000000508 .LASF50
     /tmp/ccvSw7S2.s:2642   .debug_str:00000000000005e6 .LASF51
     /tmp/ccvSw7S2.s:2516   .debug_str:00000000000002d4 .LASF52
     /tmp/ccvSw7S2.s:2544   .debug_str:0000000000000372 .LASF53
     /tmp/ccvSw7S2.s:2590   .debug_str:000000000000046b .LASF54
     /tmp/ccvSw7S2.s:2798   .debug_str:0000000000000933 .LASF55
     /tmp/ccvSw7S2.s:2644   .debug_str:00000000000005f1 .LASF56
     /tmp/ccvSw7S2.s:2610   .debug_str:00000000000004c1 .LASF57
     /tmp/ccvSw7S2.s:2502   .debug_str:0000000000000277 .LASF58
     /tmp/ccvSw7S2.s:2522   .debug_str:00000000000002fb .LASF59
     /tmp/ccvSw7S2.s:2568   .debug_str:0000000000000401 .LASF60
     /tmp/ccvSw7S2.s:2414   .debug_str:0000000000000037 .LASF61
     /tmp/ccvSw7S2.s:2430   .debug_str:0000000000000096 .LASF62
     /tmp/ccvSw7S2.s:2560   .debug_str:00000000000003da .LASF63
     /tmp/ccvSw7S2.s:2574   .debug_str:0000000000000427 .LASF64
     /tmp/ccvSw7S2.s:2626   .debug_str:0000000000000512 .LASF65
     /tmp/ccvSw7S2.s:2730   .debug_str:00000000000007bb .LASF66
     /tmp/ccvSw7S2.s:2462   .debug_str:00000000000001a8 .LASF67
     /tmp/ccvSw7S2.s:2748   .debug_str:0000000000000823 .LASF68
     /tmp/ccvSw7S2.s:2408   .debug_str:000000000000000c .LASF69
     /tmp/ccvSw7S2.s:2746   .debug_str:0000000000000810 .LASF70
     /tmp/ccvSw7S2.s:2490   .debug_str:0000000000000241 .LASF71
     /tmp/ccvSw7S2.s:2736   .debug_str:00000000000007e0 .LASF75
     /tmp/ccvSw7S2.s:2558   .debug_str:00000000000003c8 .LASF72
     /tmp/ccvSw7S2.s:2506   .debug_str:000000000000029d .LASF73
     /tmp/ccvSw7S2.s:2432   .debug_str:00000000000000a4 .LASF74
     /tmp/ccvSw7S2.s:2762   .debug_str:0000000000000874 .LASF76
     /tmp/ccvSw7S2.s:2550   .debug_str:0000000000000395 .LASF186
     /tmp/ccvSw7S2.s:2716   .debug_str:0000000000000782 .LASF77
     /tmp/ccvSw7S2.s:2640   .debug_str:00000000000005df .LASF78
     /tmp/ccvSw7S2.s:2458   .debug_str:000000000000019a .LASF79
GAS LISTING /tmp/ccvSw7S2.s 			page 5


     /tmp/ccvSw7S2.s:2714   .debug_str:000000000000077a .LASF80
     /tmp/ccvSw7S2.s:2778   .debug_str:00000000000008c8 .LASF81
     /tmp/ccvSw7S2.s:2582   .debug_str:000000000000044e .LASF82
     /tmp/ccvSw7S2.s:2548   .debug_str:000000000000038e .LASF83
     /tmp/ccvSw7S2.s:2706   .debug_str:0000000000000754 .LASF84
     /tmp/ccvSw7S2.s:2708   .debug_str:000000000000075c .LASF85
     /tmp/ccvSw7S2.s:2680   .debug_str:00000000000006b9 .LASF86
     /tmp/ccvSw7S2.s:2756   .debug_str:000000000000084c .LASF87
     /tmp/ccvSw7S2.s:2648   .debug_str:000000000000060e .LASF88
     /tmp/ccvSw7S2.s:2668   .debug_str:000000000000067d .LASF89
     /tmp/ccvSw7S2.s:2536   .debug_str:0000000000000349 .LASF94
     /tmp/ccvSw7S2.s:2738   .debug_str:00000000000007eb .LASF90
     /tmp/ccvSw7S2.s:2700   .debug_str:000000000000073f .LASF91
     /tmp/ccvSw7S2.s:2530   .debug_str:000000000000032f .LASF92
     /tmp/ccvSw7S2.s:2772   .debug_str:00000000000008aa .LASF93
     /tmp/ccvSw7S2.s:2512   .debug_str:00000000000002c2 .LASF95
     /tmp/ccvSw7S2.s:2454   .debug_str:0000000000000183 .LASF96
     /tmp/ccvSw7S2.s:2750   .debug_str:0000000000000831 .LASF97
     /tmp/ccvSw7S2.s:2472   .debug_str:00000000000001dc .LASF98
     /tmp/ccvSw7S2.s:2814   .debug_str:000000000000098f .LASF99
     /tmp/ccvSw7S2.s:2630   .debug_str:00000000000005a1 .LASF100
     /tmp/ccvSw7S2.s:2604   .debug_str:00000000000004a9 .LASF101
     /tmp/ccvSw7S2.s:2712   .debug_str:0000000000000770 .LASF102
     /tmp/ccvSw7S2.s:2670   .debug_str:0000000000000686 .LASF103
     /tmp/ccvSw7S2.s:2794   .debug_str:0000000000000919 .LASF104
     /tmp/ccvSw7S2.s:2478   .debug_str:00000000000001f9 .LASF105
     /tmp/ccvSw7S2.s:2416   .debug_str:0000000000000045 .LASF106
     /tmp/ccvSw7S2.s:2406   .debug_str:0000000000000000 .LASF107
     /tmp/ccvSw7S2.s:2732   .debug_str:00000000000007c8 .LASF108
     /tmp/ccvSw7S2.s:2494   .debug_str:0000000000000251 .LASF109
     /tmp/ccvSw7S2.s:2632   .debug_str:00000000000005aa .LASF110
     /tmp/ccvSw7S2.s:2690   .debug_str:00000000000006e7 .LASF111
     /tmp/ccvSw7S2.s:2526   .debug_str:0000000000000320 .LASF112
     /tmp/ccvSw7S2.s:2672   .debug_str:0000000000000690 .LASF113
     /tmp/ccvSw7S2.s:2468   .debug_str:00000000000001c7 .LASF114
     /tmp/ccvSw7S2.s:2728   .debug_str:00000000000007b5 .LASF115
     /tmp/ccvSw7S2.s:2682   .debug_str:00000000000006c4 .LASF116
     /tmp/ccvSw7S2.s:2492   .debug_str:000000000000024a .LASF117
     /tmp/ccvSw7S2.s:2770   .debug_str:00000000000008a4 .LASF118
     /tmp/ccvSw7S2.s:2434   .debug_str:00000000000000bb .LASF119
     /tmp/ccvSw7S2.s:2480   .debug_str:0000000000000207 .LASF120
     /tmp/ccvSw7S2.s:2542   .debug_str:000000000000036c .LASF121
     /tmp/ccvSw7S2.s:2602   .debug_str:00000000000004a2 .LASF122
     /tmp/ccvSw7S2.s:2742   .debug_str:00000000000007fe .LASF123
     /tmp/ccvSw7S2.s:2460   .debug_str:00000000000001a1 .LASF124
     /tmp/ccvSw7S2.s:2466   .debug_str:00000000000001c1 .LASF125
     /tmp/ccvSw7S2.s:2788   .debug_str:0000000000000902 .LASF126
     /tmp/ccvSw7S2.s:2724   .debug_str:00000000000007a0 .LASF127
     /tmp/ccvSw7S2.s:2614   .debug_str:00000000000004db .LASF128
     /tmp/ccvSw7S2.s:2562   .debug_str:00000000000003e9 .LASF129
     /tmp/ccvSw7S2.s:2592   .debug_str:0000000000000477 .LASF130
     /tmp/ccvSw7S2.s:2684   .debug_str:00000000000006cc .LASF131
     /tmp/ccvSw7S2.s:2674   .debug_str:0000000000000697 .LASF132
     /tmp/ccvSw7S2.s:2702   .debug_str:0000000000000747 .LASF133
     /tmp/ccvSw7S2.s:2720   .debug_str:0000000000000794 .LASF134
     /tmp/ccvSw7S2.s:2496   .debug_str:0000000000000259 .LASF135
     /tmp/ccvSw7S2.s:2552   .debug_str:00000000000003a5 .LASF136
GAS LISTING /tmp/ccvSw7S2.s 			page 6


     /tmp/ccvSw7S2.s:2534   .debug_str:0000000000000341 .LASF137
     /tmp/ccvSw7S2.s:2688   .debug_str:00000000000006e2 .LASF138
     /tmp/ccvSw7S2.s:2420   .debug_str:0000000000000055 .LASF139
     /tmp/ccvSw7S2.s:2696   .debug_str:00000000000006fe .LASF140
     /tmp/ccvSw7S2.s:2692   .debug_str:00000000000006ec .LASF141
     /tmp/ccvSw7S2.s:2634   .debug_str:00000000000005b2 .LASF142
     /tmp/ccvSw7S2.s:2694   .debug_str:00000000000006f4 .LASF143
     /tmp/ccvSw7S2.s:2580   .debug_str:0000000000000446 .LASF144
     /tmp/ccvSw7S2.s:2500   .debug_str:000000000000026d .LASF145
     /tmp/ccvSw7S2.s:2808   .debug_str:000000000000096d .LASF146
     /tmp/ccvSw7S2.s:2646   .debug_str:0000000000000604 .LASF147
     /tmp/ccvSw7S2.s:2556   .debug_str:00000000000003c0 .LASF148
     /tmp/ccvSw7S2.s:2510   .debug_str:00000000000002ba .LASF149
     /tmp/ccvSw7S2.s:2588   .debug_str:0000000000000466 .LASF150
     /tmp/ccvSw7S2.s:2424   .debug_str:000000000000006d .LASF151
     /tmp/ccvSw7S2.s:2782   .debug_str:00000000000008db .LASF152
     /tmp/ccvSw7S2.s:2488   .debug_str:0000000000000239 .LASF153
     /tmp/ccvSw7S2.s:2476   .debug_str:00000000000001f4 .LASF154
     /tmp/ccvSw7S2.s:2722   .debug_str:000000000000079b .LASF155
     /tmp/ccvSw7S2.s:2678   .debug_str:00000000000006b2 .LASF156
     /tmp/ccvSw7S2.s:2774   .debug_str:00000000000008af .LASF157
     /tmp/ccvSw7S2.s:2564   .debug_str:00000000000003ef .LASF158
     /tmp/ccvSw7S2.s:2660   .debug_str:0000000000000656 .LASF159
     /tmp/ccvSw7S2.s:2418   .debug_str:000000000000004d .LASF160
     /tmp/ccvSw7S2.s:2704   .debug_str:000000000000074e .LASF161
     /tmp/ccvSw7S2.s:2594   .debug_str:000000000000047d .LASF162
     /tmp/ccvSw7S2.s:2752   .debug_str:000000000000083a .LASF163
     /tmp/ccvSw7S2.s:2764   .debug_str:000000000000087d .LASF164
     /tmp/ccvSw7S2.s:2464   .debug_str:00000000000001b4 .LASF165
     /tmp/ccvSw7S2.s:2572   .debug_str:000000000000041a .LASF166
     /tmp/ccvSw7S2.s:2796   .debug_str:0000000000000924 .LASF167
     /tmp/ccvSw7S2.s:2636   .debug_str:00000000000005bd .LASF168
     /tmp/ccvSw7S2.s:2566   .debug_str:00000000000003f6 .LASF169
     /tmp/ccvSw7S2.s:2800   .debug_str:0000000000000946 .LASF170
     /tmp/ccvSw7S2.s:2686   .debug_str:00000000000006d5 .LASF171
     /tmp/ccvSw7S2.s:2806   .debug_str:000000000000095f .LASF172
     /tmp/ccvSw7S2.s:2474   .debug_str:00000000000001e6 .LASF173
     /tmp/ccvSw7S2.s:2780   .debug_str:00000000000008d1 .LASF174
     /tmp/ccvSw7S2.s:2570   .debug_str:000000000000040e .LASF175
     /tmp/ccvSw7S2.s:2758   .debug_str:0000000000000854 .LASF176
     /tmp/ccvSw7S2.s:2520   .debug_str:00000000000002ed .LASF177
     /tmp/ccvSw7S2.s:2444   .debug_str:00000000000000f8 .LASF178
     /tmp/ccvSw7S2.s:2540   .debug_str:000000000000035b .LASF179
     /tmp/ccvSw7S2.s:2426   .debug_str:0000000000000076 .LASF180
     /tmp/ccvSw7S2.s:2428   .debug_str:0000000000000085 .LASF181
     /tmp/ccvSw7S2.s:2666   .debug_str:0000000000000674 .LASF182
     /tmp/ccvSw7S2.s:2620   .debug_str:00000000000004f6 .LASF183
     /tmp/ccvSw7S2.s:2608   .debug_str:00000000000004b8 .LASF184
     /tmp/ccvSw7S2.s:2790   .debug_str:0000000000000908 .LASF185
     /tmp/ccvSw7S2.s:2440   .debug_str:00000000000000e2 .LASF203
     /tmp/ccvSw7S2.s:2532   .debug_str:0000000000000335 .LASF187
     /tmp/ccvSw7S2.s:2760   .debug_str:0000000000000861 .LASF188
     /tmp/ccvSw7S2.s:2586   .debug_str:000000000000045e .LASF189
     /tmp/ccvSw7S2.s:2612   .debug_str:00000000000004d4 .LASF190
     /tmp/ccvSw7S2.s:2616   .debug_str:00000000000004e3 .LASF191
     /tmp/ccvSw7S2.s:2596   .debug_str:0000000000000483 .LASF192
     /tmp/ccvSw7S2.s:2802   .debug_str:000000000000094b .LASF193
GAS LISTING /tmp/ccvSw7S2.s 			page 7


     /tmp/ccvSw7S2.s:2600   .debug_str:0000000000000499 .LASF194
     /tmp/ccvSw7S2.s:2652   .debug_str:000000000000062c .LASF204
     /tmp/ccvSw7S2.s:53     .text._fini:0000000000000000 .LFB6
     /tmp/ccvSw7S2.s:59     .text._fini:0000000000000002 .LFE6
     /tmp/ccvSw7S2.s:2718   .debug_str:000000000000078e .LASF205
     /tmp/ccvSw7S2.s:14     .text._init:0000000000000000 .LFB5
     /tmp/ccvSw7S2.s:46     .text._init:000000000000002c .LFE5
     /tmp/ccvSw7S2.s:2363   .debug_loc:0000000000000000 .LLST0
     /tmp/ccvSw7S2.s:27     .text._init:000000000000000c .LVL0
     /tmp/ccvSw7S2.s:31     .text._init:0000000000000018 .LVL1
     /tmp/ccvSw7S2.s:34     .text._init:0000000000000020 .LVL2
     /tmp/ccvSw7S2.s:44     .text._init:000000000000002c .LVL3
     /tmp/ccvSw7S2.s:2654   .debug_str:0000000000000632 .LASF195
     /tmp/ccvSw7S2.s:2436   .debug_str:00000000000000c4 .LASF196
     /tmp/ccvSw7S2.s:2484   .debug_str:000000000000021b .LASF197
     /tmp/ccvSw7S2.s:2450   .debug_str:0000000000000127 .LASF198
     /tmp/ccvSw7S2.s:21     .text._init:0000000000000002 .LCFI0
     /tmp/ccvSw7S2.s:40     .text._init:0000000000000024 .LCFI1
     /tmp/ccvSw7S2.s:74     .debug_info:0000000000000000 .Ldebug_info0

UNDEFINED SYMBOLS
SystemInit
eclic_init
eclic_mode_enable
disable_mcycle_minstret
