GAS LISTING /tmp/ccXxR4VD.s 			page 1


   1              		.file	"lseek.c"
   2              		.option nopic
   3              		.attribute arch, "rv32i2p0_m2p0_a2p0_c2p0"
   4              		.attribute unaligned_access, 0
   5              		.attribute stack_align, 16
   6              		.text
   7              	.Ltext0:
   8              		.cfi_sections	.debug_frame
   9              		.section	.text._lseek,"ax",@progbits
  10              		.align	1
  11              		.globl	_lseek
  13              	_lseek:
  14              	.LFB1:
  15              		.file 1 "../../firmware/RISCV/stubs/lseek.c"
   1:../../firmware/RISCV/stubs/lseek.c **** /* See LICENSE of license details. */
   2:../../firmware/RISCV/stubs/lseek.c **** 
   3:../../firmware/RISCV/stubs/lseek.c **** #include <errno.h>
   4:../../firmware/RISCV/stubs/lseek.c **** #include <unistd.h>
   5:../../firmware/RISCV/stubs/lseek.c **** #include <sys/types.h>
   6:../../firmware/RISCV/stubs/lseek.c **** #include "stub.h"
   7:../../firmware/RISCV/stubs/lseek.c **** 
   8:../../firmware/RISCV/stubs/lseek.c **** off_t _lseek(int fd, off_t ptr, int dir)
   9:../../firmware/RISCV/stubs/lseek.c **** {
  16              		.loc 1 9 1
  17              		.cfi_startproc
  18              	.LVL0:
  10:../../firmware/RISCV/stubs/lseek.c ****   if (isatty(fd))
  19              		.loc 1 10 3
   9:../../firmware/RISCV/stubs/lseek.c ****   if (isatty(fd))
  20              		.loc 1 9 1 is_stmt 0
  21 0000 4111     		addi	sp,sp,-16
  22              	.LCFI0:
  23              		.cfi_def_cfa_offset 16
  24 0002 06C6     		sw	ra,12(sp)
  25              		.cfi_offset 1, -4
  26              		.loc 1 10 7
  27 0004 97000000 		call	isatty
  27      E7800000 
  28              	.LVL1:
  11:../../firmware/RISCV/stubs/lseek.c ****     return 0;
  12:../../firmware/RISCV/stubs/lseek.c **** 
  13:../../firmware/RISCV/stubs/lseek.c ****   return _stub(EBADF);
  14:../../firmware/RISCV/stubs/lseek.c **** }
  29              		.loc 1 14 1
  30 000c B240     		lw	ra,12(sp)
  31              		.cfi_restore 1
  10:../../firmware/RISCV/stubs/lseek.c ****     return 0;
  32              		.loc 1 10 6
  33 000e 13351500 		seqz	a0,a0
  34              		.loc 1 14 1
  35 0012 3305A040 		neg	a0,a0
  36 0016 4101     		addi	sp,sp,16
  37              	.LCFI1:
  38              		.cfi_def_cfa_offset 0
  39 0018 8280     		jr	ra
  40              		.cfi_endproc
  41              	.LFE1:
GAS LISTING /tmp/ccXxR4VD.s 			page 2


  43              		.text
  44              	.Letext0:
  45              		.file 2 "/home/remahl/toolchain-gd32v/toolchain-gd32v-linux/compiler/lib/gcc/riscv64-unknown-elf/8
  46              		.file 3 "/home/remahl/toolchain-gd32v/toolchain-gd32v-linux/compiler/riscv64-unknown-elf/include/s
  47              		.file 4 "/home/remahl/toolchain-gd32v/toolchain-gd32v-linux/compiler/riscv64-unknown-elf/include/s
  48              		.file 5 "/home/remahl/toolchain-gd32v/toolchain-gd32v-linux/compiler/riscv64-unknown-elf/include/s
  49              		.file 6 "/home/remahl/toolchain-gd32v/toolchain-gd32v-linux/compiler/riscv64-unknown-elf/include/s
  50              		.file 7 "/home/remahl/toolchain-gd32v/toolchain-gd32v-linux/compiler/riscv64-unknown-elf/include/s
  51              		.file 8 "/home/remahl/toolchain-gd32v/toolchain-gd32v-linux/compiler/riscv64-unknown-elf/include/s
  52              		.file 9 "../../firmware/RISCV/stubs/stub.h"
GAS LISTING /tmp/ccXxR4VD.s 			page 3


DEFINED SYMBOLS
                            *ABS*:0000000000000000 lseek.c
     /tmp/ccXxR4VD.s:13     .text._lseek:0000000000000000 _lseek
     /tmp/ccXxR4VD.s:17     .text._lseek:0000000000000000 .L0 
     /tmp/ccXxR4VD.s:19     .text._lseek:0000000000000000 .L0 
     /tmp/ccXxR4VD.s:20     .text._lseek:0000000000000000 .L0 
     /tmp/ccXxR4VD.s:21     .text._lseek:0000000000000000 .L0 
     /tmp/ccXxR4VD.s:23     .text._lseek:0000000000000002 .L0 
     /tmp/ccXxR4VD.s:25     .text._lseek:0000000000000004 .L0 
     /tmp/ccXxR4VD.s:27     .text._lseek:0000000000000004 .L0 
     /tmp/ccXxR4VD.s:30     .text._lseek:000000000000000c .L0 
     /tmp/ccXxR4VD.s:31     .text._lseek:000000000000000e .L0 
     /tmp/ccXxR4VD.s:33     .text._lseek:000000000000000e .L0 
     /tmp/ccXxR4VD.s:35     .text._lseek:0000000000000012 .L0 
     /tmp/ccXxR4VD.s:38     .text._lseek:0000000000000018 .L0 
     /tmp/ccXxR4VD.s:40     .text._lseek:000000000000001a .L0 
     /tmp/ccXxR4VD.s:43     .text._lseek:000000000000001a .L0 
                     .debug_frame:0000000000000000 .L0 
     /tmp/ccXxR4VD.s:1600   .debug_abbrev:0000000000000000 .Ldebug_abbrev0
     /tmp/ccXxR4VD.s:2361   .debug_str:0000000000000313 .LASF130
     /tmp/ccXxR4VD.s:2319   .debug_str:000000000000023e .LASF131
     /tmp/ccXxR4VD.s:2241   .debug_str:000000000000009a .LASF132
     /tmp/ccXxR4VD.s:2205   .debug_ranges:0000000000000000 .Ldebug_ranges0
     /tmp/ccXxR4VD.s:2211   .debug_line:0000000000000000 .Ldebug_line0
     /tmp/ccXxR4VD.s:2305   .debug_str:00000000000001fc .LASF0
     /tmp/ccXxR4VD.s:2245   .debug_str:00000000000000e7 .LASF1
     /tmp/ccXxR4VD.s:2355   .debug_str:00000000000002f9 .LASF2
     /tmp/ccXxR4VD.s:2339   .debug_str:00000000000002ba .LASF10
     /tmp/ccXxR4VD.s:2247   .debug_str:00000000000000f5 .LASF3
     /tmp/ccXxR4VD.s:2375   .debug_str:00000000000003cc .LASF4
     /tmp/ccXxR4VD.s:2381   .debug_str:00000000000003e8 .LASF5
     /tmp/ccXxR4VD.s:2325   .debug_str:000000000000026f .LASF6
     /tmp/ccXxR4VD.s:2265   .debug_str:0000000000000148 .LASF7
     /tmp/ccXxR4VD.s:2313   .debug_str:0000000000000220 .LASF8
     /tmp/ccXxR4VD.s:2231   .debug_str:000000000000005a .LASF9
     /tmp/ccXxR4VD.s:2369   .debug_str:00000000000003a9 .LASF11
     /tmp/ccXxR4VD.s:2215   .debug_str:000000000000000c .LASF12
     /tmp/ccXxR4VD.s:2427   .debug_str:00000000000004ba .LASF13
     /tmp/ccXxR4VD.s:2461   .debug_str:000000000000054f .LASF14
     /tmp/ccXxR4VD.s:2335   .debug_str:00000000000002ac .LASF15
     /tmp/ccXxR4VD.s:2307   .debug_str:0000000000000209 .LASF16
     /tmp/ccXxR4VD.s:2419   .debug_str:0000000000000498 .LASF17
     /tmp/ccXxR4VD.s:2421   .debug_str:00000000000004a0 .LASF18
     /tmp/ccXxR4VD.s:2391   .debug_str:0000000000000410 .LASF19
     /tmp/ccXxR4VD.s:2447   .debug_str:0000000000000505 .LASF20
     /tmp/ccXxR4VD.s:2373   .debug_str:00000000000003ba .LASF21
     /tmp/ccXxR4VD.s:2291   .debug_str:00000000000001bf .LASF22
     /tmp/ccXxR4VD.s:2295   .debug_str:00000000000001d0 .LASF27
     /tmp/ccXxR4VD.s:2439   .debug_str:00000000000004e4 .LASF23
     /tmp/ccXxR4VD.s:2413   .debug_str:0000000000000483 .LASF24
     /tmp/ccXxR4VD.s:2289   .debug_str:00000000000001b9 .LASF25
     /tmp/ccXxR4VD.s:2455   .debug_str:000000000000053a .LASF26
     /tmp/ccXxR4VD.s:2303   .debug_str:00000000000001f7 .LASF28
     /tmp/ccXxR4VD.s:2243   .debug_str:00000000000000de .LASF29
     /tmp/ccXxR4VD.s:2433   .debug_str:00000000000004ce .LASF30
     /tmp/ccXxR4VD.s:2253   .debug_str:000000000000010d .LASF31
     /tmp/ccXxR4VD.s:2485   .debug_str:00000000000005ba .LASF32
GAS LISTING /tmp/ccXxR4VD.s 			page 4


     /tmp/ccXxR4VD.s:2363   .debug_str:000000000000038d .LASF33
     /tmp/ccXxR4VD.s:2349   .debug_str:00000000000002df .LASF34
     /tmp/ccXxR4VD.s:2457   .debug_str:000000000000053f .LASF35
     /tmp/ccXxR4VD.s:2383   .debug_str:00000000000003f2 .LASF36
     /tmp/ccXxR4VD.s:2471   .debug_str:000000000000057a .LASF37
     /tmp/ccXxR4VD.s:2259   .debug_str:000000000000012a .LASF38
     /tmp/ccXxR4VD.s:2285   .debug_str:00000000000001ac .LASF39
     /tmp/ccXxR4VD.s:2213   .debug_str:0000000000000000 .LASF40
     /tmp/ccXxR4VD.s:2443   .debug_str:00000000000004f7 .LASF41
     /tmp/ccXxR4VD.s:2269   .debug_str:0000000000000158 .LASF42
     /tmp/ccXxR4VD.s:2365   .debug_str:0000000000000396 .LASF43
     /tmp/ccXxR4VD.s:2405   .debug_str:0000000000000453 .LASF44
     /tmp/ccXxR4VD.s:2287   .debug_str:00000000000001b4 .LASF45
     /tmp/ccXxR4VD.s:2385   .debug_str:00000000000003fc .LASF46
     /tmp/ccXxR4VD.s:2251   .debug_str:0000000000000107 .LASF47
     /tmp/ccXxR4VD.s:2219   .debug_str:000000000000001b .LASF48
     /tmp/ccXxR4VD.s:2393   .debug_str:000000000000041b .LASF49
     /tmp/ccXxR4VD.s:2267   .debug_str:0000000000000151 .LASF50
     /tmp/ccXxR4VD.s:2315   .debug_str:0000000000000232 .LASF51
     /tmp/ccXxR4VD.s:2233   .debug_str:0000000000000071 .LASF52
     /tmp/ccXxR4VD.s:2261   .debug_str:0000000000000138 .LASF53
     /tmp/ccXxR4VD.s:2299   .debug_str:00000000000001e7 .LASF54
     /tmp/ccXxR4VD.s:2347   .debug_str:00000000000002d8 .LASF55
     /tmp/ccXxR4VD.s:2423   .debug_str:00000000000004a8 .LASF56
     /tmp/ccXxR4VD.s:2475   .debug_str:0000000000000594 .LASF57
     /tmp/ccXxR4VD.s:2249   .debug_str:0000000000000101 .LASF58
     /tmp/ccXxR4VD.s:2467   .debug_str:000000000000056c .LASF59
     /tmp/ccXxR4VD.s:2273   .debug_str:0000000000000167 .LASF60
     /tmp/ccXxR4VD.s:2279   .debug_str:0000000000000185 .LASF61
     /tmp/ccXxR4VD.s:2225   .debug_str:0000000000000034 .LASF62
     /tmp/ccXxR4VD.s:2341   .debug_str:00000000000002c1 .LASF63
     /tmp/ccXxR4VD.s:2397   .debug_str:000000000000042d .LASF64
     /tmp/ccXxR4VD.s:2343   .debug_str:00000000000002c7 .LASF65
     /tmp/ccXxR4VD.s:2415   .debug_str:000000000000048b .LASF66
     /tmp/ccXxR4VD.s:2429   .debug_str:00000000000004c2 .LASF67
     /tmp/ccXxR4VD.s:2271   .debug_str:0000000000000160 .LASF68
     /tmp/ccXxR4VD.s:2309   .debug_str:0000000000000210 .LASF69
     /tmp/ccXxR4VD.s:2293   .debug_str:00000000000001c8 .LASF70
     /tmp/ccXxR4VD.s:2403   .debug_str:000000000000044e .LASF71
     /tmp/ccXxR4VD.s:2223   .debug_str:0000000000000029 .LASF72
     /tmp/ccXxR4VD.s:2411   .debug_str:000000000000046a .LASF73
     /tmp/ccXxR4VD.s:2407   .debug_str:0000000000000458 .LASF74
     /tmp/ccXxR4VD.s:2367   .debug_str:000000000000039e .LASF75
     /tmp/ccXxR4VD.s:2409   .debug_str:0000000000000460 .LASF76
     /tmp/ccXxR4VD.s:2333   .debug_str:00000000000002a4 .LASF77
     /tmp/ccXxR4VD.s:2301   .debug_str:00000000000001ed .LASF78
     /tmp/ccXxR4VD.s:2483   .debug_str:00000000000005b5 .LASF79
     /tmp/ccXxR4VD.s:2371   .debug_str:00000000000003b0 .LASF80
     /tmp/ccXxR4VD.s:2311   .debug_str:0000000000000218 .LASF81
     /tmp/ccXxR4VD.s:2277   .debug_str:000000000000017d .LASF82
     /tmp/ccXxR4VD.s:2377   .debug_str:00000000000003da .LASF83
     /tmp/ccXxR4VD.s:2327   .debug_str:0000000000000282 .LASF84
     /tmp/ccXxR4VD.s:2465   .debug_str:0000000000000562 .LASF85
     /tmp/ccXxR4VD.s:2263   .debug_str:0000000000000140 .LASF86
     /tmp/ccXxR4VD.s:2257   .debug_str:0000000000000125 .LASF87
     /tmp/ccXxR4VD.s:2431   .debug_str:00000000000004c9 .LASF88
     /tmp/ccXxR4VD.s:2389   .debug_str:0000000000000409 .LASF89
GAS LISTING /tmp/ccXxR4VD.s 			page 5


     /tmp/ccXxR4VD.s:2459   .debug_str:0000000000000549 .LASF90
     /tmp/ccXxR4VD.s:2321   .debug_str:0000000000000261 .LASF91
     /tmp/ccXxR4VD.s:2387   .debug_str:0000000000000403 .LASF92
     /tmp/ccXxR4VD.s:2221   .debug_str:0000000000000021 .LASF93
     /tmp/ccXxR4VD.s:2417   .debug_str:0000000000000492 .LASF94
     /tmp/ccXxR4VD.s:2437   .debug_str:00000000000004de .LASF95
     /tmp/ccXxR4VD.s:2445   .debug_str:0000000000000500 .LASF96
     /tmp/ccXxR4VD.s:2453   .debug_str:000000000000052d .LASF97
     /tmp/ccXxR4VD.s:2441   .debug_str:00000000000004ea .LASF98
     /tmp/ccXxR4VD.s:2331   .debug_str:0000000000000297 .LASF99
     /tmp/ccXxR4VD.s:2473   .debug_str:0000000000000585 .LASF100
     /tmp/ccXxR4VD.s:2297   .debug_str:00000000000001d8 .LASF101
     /tmp/ccXxR4VD.s:2399   .debug_str:0000000000000436 .LASF102
     /tmp/ccXxR4VD.s:2477   .debug_str:000000000000059b .LASF103
     /tmp/ccXxR4VD.s:2401   .debug_str:0000000000000441 .LASF104
     /tmp/ccXxR4VD.s:2481   .debug_str:00000000000005a7 .LASF105
     /tmp/ccXxR4VD.s:2255   .debug_str:0000000000000117 .LASF106
     /tmp/ccXxR4VD.s:2463   .debug_str:0000000000000558 .LASF107
     /tmp/ccXxR4VD.s:2329   .debug_str:000000000000028b .LASF108
     /tmp/ccXxR4VD.s:2449   .debug_str:000000000000050d .LASF109
     /tmp/ccXxR4VD.s:2283   .debug_str:000000000000019e .LASF110
     /tmp/ccXxR4VD.s:2239   .debug_str:000000000000008b .LASF111
     /tmp/ccXxR4VD.s:2281   .debug_str:000000000000018d .LASF112
     /tmp/ccXxR4VD.s:2227   .debug_str:000000000000003a .LASF113
     /tmp/ccXxR4VD.s:2229   .debug_str:0000000000000049 .LASF114
     /tmp/ccXxR4VD.s:2379   .debug_str:00000000000003df .LASF115
     /tmp/ccXxR4VD.s:2359   .debug_str:000000000000030c .LASF116
     /tmp/ccXxR4VD.s:2351   .debug_str:00000000000002e9 .LASF117
     /tmp/ccXxR4VD.s:2469   .debug_str:0000000000000572 .LASF118
     /tmp/ccXxR4VD.s:2235   .debug_str:000000000000007a .LASF133
     /tmp/ccXxR4VD.s:2425   .debug_str:00000000000004ae .LASF119
     /tmp/ccXxR4VD.s:2451   .debug_str:000000000000051a .LASF120
     /tmp/ccXxR4VD.s:2275   .debug_str:0000000000000170 .LASF121
     /tmp/ccXxR4VD.s:2395   .debug_str:0000000000000423 .LASF122
     /tmp/ccXxR4VD.s:2317   .debug_str:0000000000000238 .LASF123
     /tmp/ccXxR4VD.s:2337   .debug_str:00000000000002b2 .LASF124
     /tmp/ccXxR4VD.s:2353   .debug_str:00000000000002f2 .LASF125
     /tmp/ccXxR4VD.s:2357   .debug_str:0000000000000305 .LASF126
     /tmp/ccXxR4VD.s:2435   .debug_str:00000000000004d7 .LASF127
     /tmp/ccXxR4VD.s:2479   .debug_str:00000000000005a0 .LASF128
     /tmp/ccXxR4VD.s:2345   .debug_str:00000000000002cf .LASF129
     /tmp/ccXxR4VD.s:2323   .debug_str:0000000000000268 .LASF134
     /tmp/ccXxR4VD.s:14     .text._lseek:0000000000000000 .LFB1
     /tmp/ccXxR4VD.s:41     .text._lseek:000000000000001a .LFE1
     /tmp/ccXxR4VD.s:2132   .debug_loc:0000000000000000 .LLST0
     /tmp/ccXxR4VD.s:2150   .debug_loc:000000000000002c .LLST1
     /tmp/ccXxR4VD.s:2164   .debug_loc:000000000000004d .LLST2
     /tmp/ccXxR4VD.s:2178   .debug_loc:000000000000006e .LLST3
     /tmp/ccXxR4VD.s:28     .text._lseek:000000000000000c .LVL1
     /tmp/ccXxR4VD.s:2237   .debug_str:0000000000000085 .LASF135
     /tmp/ccXxR4VD.s:2217   .debug_str:0000000000000014 .LASF136
     /tmp/ccXxR4VD.s:22     .text._lseek:0000000000000002 .LCFI0
     /tmp/ccXxR4VD.s:37     .text._lseek:0000000000000018 .LCFI1
     /tmp/ccXxR4VD.s:18     .text._lseek:0000000000000000 .LVL0
     /tmp/ccXxR4VD.s:54     .debug_info:0000000000000000 .Ldebug_info0

UNDEFINED SYMBOLS
GAS LISTING /tmp/ccXxR4VD.s 			page 6


isatty
