GAS LISTING /tmp/ccu0kinL.s 			page 1


   1              		.file	"sbrk.c"
   2              		.option nopic
   3              		.attribute arch, "rv32i2p0_m2p0_a2p0_c2p0"
   4              		.attribute unaligned_access, 0
   5              		.attribute stack_align, 16
   6              		.text
   7              	.Ltext0:
   8              		.cfi_sections	.debug_frame
   9              		.section	.text._sbrk,"ax",@progbits
  10              		.align	1
  11              		.globl	_sbrk
  13              	_sbrk:
  14              	.LFB0:
  15              		.file 1 "../../firmware/RISCV/stubs/sbrk.c"
   1:../../firmware/RISCV/stubs/sbrk.c **** /* See LICENSE of license details. */
   2:../../firmware/RISCV/stubs/sbrk.c **** 
   3:../../firmware/RISCV/stubs/sbrk.c **** #include <stddef.h>
   4:../../firmware/RISCV/stubs/sbrk.c **** 
   5:../../firmware/RISCV/stubs/sbrk.c **** void *_sbrk(ptrdiff_t incr)
   6:../../firmware/RISCV/stubs/sbrk.c **** {
  16              		.loc 1 6 1
  17              		.cfi_startproc
  18              	.LVL0:
   7:../../firmware/RISCV/stubs/sbrk.c ****   extern char _end[];
  19              		.loc 1 7 3
   8:../../firmware/RISCV/stubs/sbrk.c ****   extern char _heap_end[];
  20              		.loc 1 8 3
   9:../../firmware/RISCV/stubs/sbrk.c ****   static char *curbrk = _end;
  21              		.loc 1 9 3
  10:../../firmware/RISCV/stubs/sbrk.c **** 
  11:../../firmware/RISCV/stubs/sbrk.c ****   if ((curbrk + incr < _end) || (curbrk + incr > _heap_end))
  22              		.loc 1 11 3
  23              		.loc 1 11 15 is_stmt 0
  24 0000 B7070000 		lui	a5,%hi(.LANCHOR0)
  25 0004 93870700 		addi	a5,a5,%lo(.LANCHOR0)
  26 0008 9443     		lw	a3,0(a5)
  27              		.loc 1 11 6
  28 000a 37070000 		lui	a4,%hi(_end)
  29 000e 13070700 		addi	a4,a4,%lo(_end)
  30              		.loc 1 11 15
  31 0012 3695     		add	a0,a3,a0
  32              	.LVL1:
  33              		.loc 1 11 6
  34 0014 636BE500 		bltu	a0,a4,.L4
  35              		.loc 1 11 30 discriminator 1
  36 0018 37070000 		lui	a4,%hi(_heap_end)
  37 001c 13070700 		addi	a4,a4,%lo(_heap_end)
  38 0020 6365A700 		bgtu	a0,a4,.L4
  12:../../firmware/RISCV/stubs/sbrk.c ****     return NULL - 1;
  13:../../firmware/RISCV/stubs/sbrk.c **** 
  14:../../firmware/RISCV/stubs/sbrk.c ****   curbrk += incr;
  39              		.loc 1 14 3 is_stmt 1
  40              		.loc 1 14 10 is_stmt 0
  41 0024 88C3     		sw	a0,0(a5)
  15:../../firmware/RISCV/stubs/sbrk.c ****   return curbrk - incr;
  42              		.loc 1 15 3 is_stmt 1
  16:../../firmware/RISCV/stubs/sbrk.c **** }...
GAS LISTING /tmp/ccu0kinL.s 			page 2


  43              		.loc 1 16 1 is_stmt 0
  44 0026 3685     		mv	a0,a3
  45 0028 8280     		ret
  46              	.L4:
  12:../../firmware/RISCV/stubs/sbrk.c ****     return NULL - 1;
  47              		.loc 1 12 17
  48 002a FD56     		li	a3,-1
  49              		.loc 1 16 1
  50 002c 3685     		mv	a0,a3
  51 002e 8280     		ret
  52              		.cfi_endproc
  53              	.LFE0:
  55              		.section	.sdata.curbrk.1524,"aw"
  56              		.align	2
  57              		.set	.LANCHOR0,. + 0
  60              	curbrk.1524:
  61 0000 00000000 		.word	_end
  62              		.text
  63              	.Letext0:
  64              		.file 2 "/home/remahl/toolchain-gd32v/toolchain-gd32v-linux/compiler/lib/gcc/riscv64-unknown-elf/8
GAS LISTING /tmp/ccu0kinL.s 			page 3


DEFINED SYMBOLS
                            *ABS*:0000000000000000 sbrk.c
     /tmp/ccu0kinL.s:13     .text._sbrk:0000000000000000 _sbrk
     /tmp/ccu0kinL.s:17     .text._sbrk:0000000000000000 .L0 
     /tmp/ccu0kinL.s:19     .text._sbrk:0000000000000000 .L0 
     /tmp/ccu0kinL.s:20     .text._sbrk:0000000000000000 .L0 
     /tmp/ccu0kinL.s:21     .text._sbrk:0000000000000000 .L0 
     /tmp/ccu0kinL.s:22     .text._sbrk:0000000000000000 .L0 
     /tmp/ccu0kinL.s:23     .text._sbrk:0000000000000000 .L0 
     /tmp/ccu0kinL.s:24     .text._sbrk:0000000000000000 .L0 
     /tmp/ccu0kinL.s:28     .text._sbrk:000000000000000a .L0 
     /tmp/ccu0kinL.s:31     .text._sbrk:0000000000000012 .L0 
     /tmp/ccu0kinL.s:34     .text._sbrk:0000000000000014 .L0 
     /tmp/ccu0kinL.s:36     .text._sbrk:0000000000000018 .L0 
     /tmp/ccu0kinL.s:40     .text._sbrk:0000000000000024 .L0 
     /tmp/ccu0kinL.s:41     .text._sbrk:0000000000000024 .L0 
     /tmp/ccu0kinL.s:43     .text._sbrk:0000000000000026 .L0 
     /tmp/ccu0kinL.s:44     .text._sbrk:0000000000000026 .L0 
     /tmp/ccu0kinL.s:48     .text._sbrk:000000000000002a .L0 
     /tmp/ccu0kinL.s:50     .text._sbrk:000000000000002c .L0 
     /tmp/ccu0kinL.s:52     .text._sbrk:0000000000000030 .L0 
     /tmp/ccu0kinL.s:57     .sdata.curbrk.1524:0000000000000000 .LANCHOR0
     /tmp/ccu0kinL.s:60     .sdata.curbrk.1524:0000000000000000 curbrk.1524
     /tmp/ccu0kinL.s:55     .text._sbrk:0000000000000030 .L0 
                     .debug_frame:0000000000000000 .L0 
     /tmp/ccu0kinL.s:46     .text._sbrk:000000000000002a .L4
     /tmp/ccu0kinL.s:166    .debug_abbrev:0000000000000000 .Ldebug_abbrev0
     /tmp/ccu0kinL.s:379    .debug_str:0000000000000013 .LASF6
     /tmp/ccu0kinL.s:389    .debug_str:00000000000000a8 .LASF7
     /tmp/ccu0kinL.s:391    .debug_str:00000000000000ca .LASF8
     /tmp/ccu0kinL.s:367    .debug_ranges:0000000000000000 .Ldebug_ranges0
     /tmp/ccu0kinL.s:373    .debug_line:0000000000000000 .Ldebug_line0
     /tmp/ccu0kinL.s:395    .debug_str:0000000000000118 .LASF9
     /tmp/ccu0kinL.s:375    .debug_str:0000000000000000 .LASF0
     /tmp/ccu0kinL.s:399    .debug_str:0000000000000129 .LASF1
     /tmp/ccu0kinL.s:387    .debug_str:000000000000009c .LASF2
     /tmp/ccu0kinL.s:377    .debug_str:000000000000000d .LASF10
     /tmp/ccu0kinL.s:14     .text._sbrk:0000000000000000 .LFB0
     /tmp/ccu0kinL.s:53     .text._sbrk:0000000000000030 .LFE0
     /tmp/ccu0kinL.s:385    .debug_str:0000000000000097 .LASF11
     /tmp/ccu0kinL.s:340    .debug_loc:0000000000000000 .LLST0
     /tmp/ccu0kinL.s:381    .debug_str:000000000000008d .LASF3
     /tmp/ccu0kinL.s:393    .debug_str:000000000000010e .LASF4
     /tmp/ccu0kinL.s:397    .debug_str:0000000000000122 .LASF12
     /tmp/ccu0kinL.s:383    .debug_str:0000000000000092 .LASF5
     /tmp/ccu0kinL.s:18     .text._sbrk:0000000000000000 .LVL0
     /tmp/ccu0kinL.s:32     .text._sbrk:0000000000000014 .LVL1
     /tmp/ccu0kinL.s:66     .debug_info:0000000000000000 .Ldebug_info0

UNDEFINED SYMBOLS
_end
_heap_end
