GAS LISTING /tmp/cc7XEOEN.s 			page 1


   1              		.file	"write.c"
   2              		.option nopic
   3              		.attribute arch, "rv32i2p0_m2p0_a2p0_c2p0"
   4              		.attribute unaligned_access, 0
   5              		.attribute stack_align, 16
   6              		.text
   7              	.Ltext0:
   8              		.cfi_sections	.debug_frame
   9              		.section	.text._put_char,"ax",@progbits
  10              		.align	1
  11              		.weak	_put_char
  13              	_put_char:
  14              	.LFB4:
  15              		.file 1 "../../firmware/RISCV/stubs/write.c"
   1:../../firmware/RISCV/stubs/write.c **** /* See LICENSE of license details. */
   2:../../firmware/RISCV/stubs/write.c **** 
   3:../../firmware/RISCV/stubs/write.c **** #include <stdint.h>
   4:../../firmware/RISCV/stubs/write.c **** #include <string.h>
   5:../../firmware/RISCV/stubs/write.c **** #include <errno.h>
   6:../../firmware/RISCV/stubs/write.c **** #include <gd32vf103.h>
   7:../../firmware/RISCV/stubs/write.c **** 
   8:../../firmware/RISCV/stubs/write.c **** #if   defined (__GNUC__)
   9:../../firmware/RISCV/stubs/write.c **** #include <unistd.h>
  10:../../firmware/RISCV/stubs/write.c **** #include <sys/types.h>
  11:../../firmware/RISCV/stubs/write.c **** #endif
  12:../../firmware/RISCV/stubs/write.c **** 
  13:../../firmware/RISCV/stubs/write.c **** #include "stub.h"
  14:../../firmware/RISCV/stubs/write.c **** #include "gd32vf103.h"
  15:../../firmware/RISCV/stubs/write.c **** 
  16:../../firmware/RISCV/stubs/write.c **** //typedef unsigned int size_t;
  17:../../firmware/RISCV/stubs/write.c **** extern int _put_char(int ch) __attribute__((weak));
  18:../../firmware/RISCV/stubs/write.c **** 
  19:../../firmware/RISCV/stubs/write.c **** #if   defined (__ICCRISCV__)
  20:../../firmware/RISCV/stubs/write.c **** size_t __write(int handle, const unsigned char *buf, size_t bufSize)
  21:../../firmware/RISCV/stubs/write.c **** {
  22:../../firmware/RISCV/stubs/write.c ****   size_t nChars = 0;
  23:../../firmware/RISCV/stubs/write.c ****   
  24:../../firmware/RISCV/stubs/write.c ****   if (handle == -1)
  25:../../firmware/RISCV/stubs/write.c ****   {
  26:../../firmware/RISCV/stubs/write.c ****     return 0;
  27:../../firmware/RISCV/stubs/write.c ****   }
  28:../../firmware/RISCV/stubs/write.c ****   
  29:../../firmware/RISCV/stubs/write.c ****   for (; bufSize > 0; --bufSize)
  30:../../firmware/RISCV/stubs/write.c ****   {
  31:../../firmware/RISCV/stubs/write.c ****     _put_char((uint8_t) *buf);
  32:../../firmware/RISCV/stubs/write.c ****     ++buf;
  33:../../firmware/RISCV/stubs/write.c ****     ++nChars;
  34:../../firmware/RISCV/stubs/write.c ****   }
  35:../../firmware/RISCV/stubs/write.c ****   
  36:../../firmware/RISCV/stubs/write.c ****   return nChars;
  37:../../firmware/RISCV/stubs/write.c ****  }
  38:../../firmware/RISCV/stubs/write.c **** 
  39:../../firmware/RISCV/stubs/write.c **** int puts(const char* string) {
  40:../../firmware/RISCV/stubs/write.c ****     return __write(0, (const void *) string, strlen(string));
  41:../../firmware/RISCV/stubs/write.c **** }
  42:../../firmware/RISCV/stubs/write.c ****  
  43:../../firmware/RISCV/stubs/write.c **** #elif defined ( __GNUC__ )
GAS LISTING /tmp/cc7XEOEN.s 			page 2


  44:../../firmware/RISCV/stubs/write.c **** /*
  45:../../firmware/RISCV/stubs/write.c **** ssize_t _write(int fd, const void* ptr, size_t len) {
  46:../../firmware/RISCV/stubs/write.c ****     const uint8_t * current = (const uint8_t *) ptr;
  47:../../firmware/RISCV/stubs/write.c ****     {
  48:../../firmware/RISCV/stubs/write.c ****         for (size_t jj = 0; jj < len; jj++) {
  49:../../firmware/RISCV/stubs/write.c ****             _put_char(current[jj]);
  50:../../firmware/RISCV/stubs/write.c **** 
  51:../../firmware/RISCV/stubs/write.c ****             if (current[jj] == '\n') {
  52:../../firmware/RISCV/stubs/write.c ****                 _put_char('\r');
  53:../../firmware/RISCV/stubs/write.c ****             }
  54:../../firmware/RISCV/stubs/write.c ****         }
  55:../../firmware/RISCV/stubs/write.c ****         return len;
  56:../../firmware/RISCV/stubs/write.c ****     }
  57:../../firmware/RISCV/stubs/write.c **** 
  58:../../firmware/RISCV/stubs/write.c ****     return _stub(EBADF);
  59:../../firmware/RISCV/stubs/write.c **** }
  60:../../firmware/RISCV/stubs/write.c **** 
  61:../../firmware/RISCV/stubs/write.c **** int puts(const char* string) {
  62:../../firmware/RISCV/stubs/write.c ****     return _write(0, (const void *) string, strlen(string));
  63:../../firmware/RISCV/stubs/write.c **** }
  64:../../firmware/RISCV/stubs/write.c **** */
  65:../../firmware/RISCV/stubs/write.c **** #endif
  66:../../firmware/RISCV/stubs/write.c **** 
  67:../../firmware/RISCV/stubs/write.c **** int _put_char(int ch)
  68:../../firmware/RISCV/stubs/write.c **** {
  16              		.loc 1 68 1
  17              		.cfi_startproc
  18              	.LVL0:
  69:../../firmware/RISCV/stubs/write.c ****     usart_data_transmit(USART0, (uint8_t) ch );
  19              		.loc 1 69 5
  68:../../firmware/RISCV/stubs/write.c ****     usart_data_transmit(USART0, (uint8_t) ch );
  20              		.loc 1 68 1 is_stmt 0
  21 0000 4111     		addi	sp,sp,-16
  22              	.LCFI0:
  23              		.cfi_def_cfa_offset 16
  24 0002 22C4     		sw	s0,8(sp)
  25              		.cfi_offset 8, -8
  26              		.loc 1 69 5
  27 0004 37440140 		li	s0,1073823744
  68:../../firmware/RISCV/stubs/write.c ****     usart_data_transmit(USART0, (uint8_t) ch );
  28              		.loc 1 68 1
  29 0008 26C2     		sw	s1,4(sp)
  30              		.loc 1 69 5
  31 000a 9375F50F 		andi	a1,a0,0xff
  32              		.cfi_offset 9, -12
  68:../../firmware/RISCV/stubs/write.c ****     usart_data_transmit(USART0, (uint8_t) ch );
  33              		.loc 1 68 1
  34 000e AA84     		mv	s1,a0
  35              		.loc 1 69 5
  36 0010 13050480 		addi	a0,s0,-2048
  37              	.LVL1:
  68:../../firmware/RISCV/stubs/write.c ****     usart_data_transmit(USART0, (uint8_t) ch );
  38              		.loc 1 68 1
  39 0014 06C6     		sw	ra,12(sp)
  40              		.cfi_offset 1, -4
  70:../../firmware/RISCV/stubs/write.c ****     while (usart_flag_get(USART0, USART_FLAG_TBE)== RESET){
  41              		.loc 1 70 12
GAS LISTING /tmp/cc7XEOEN.s 			page 3


  42 0016 13040480 		addi	s0,s0,-2048
  69:../../firmware/RISCV/stubs/write.c ****     usart_data_transmit(USART0, (uint8_t) ch );
  43              		.loc 1 69 5
  44 001a 97000000 		call	usart_data_transmit
  44      E7800000 
  45              	.LVL2:
  46              		.loc 1 70 5 is_stmt 1
  47              	.L2:
  71:../../firmware/RISCV/stubs/write.c ****     }
  48              		.loc 1 71 5 discriminator 1
  70:../../firmware/RISCV/stubs/write.c ****     while (usart_flag_get(USART0, USART_FLAG_TBE)== RESET){
  49              		.loc 1 70 12 is_stmt 0 discriminator 1
  50 0022 9D45     		li	a1,7
  51 0024 2285     		mv	a0,s0
  52 0026 97000000 		call	usart_flag_get
  52      E7800000 
  53              	.LVL3:
  70:../../firmware/RISCV/stubs/write.c ****     while (usart_flag_get(USART0, USART_FLAG_TBE)== RESET){
  54              		.loc 1 70 11 discriminator 1
  55 002e 75D9     		beq	a0,zero,.L2
  72:../../firmware/RISCV/stubs/write.c **** 
  73:../../firmware/RISCV/stubs/write.c ****     return ch;
  56              		.loc 1 73 5 is_stmt 1
  74:../../firmware/RISCV/stubs/write.c **** }
  57              		.loc 1 74 1 is_stmt 0
  58 0030 B240     		lw	ra,12(sp)
  59              		.cfi_restore 1
  60 0032 2244     		lw	s0,8(sp)
  61              		.cfi_restore 8
  62 0034 2685     		mv	a0,s1
  63 0036 9244     		lw	s1,4(sp)
  64              		.cfi_restore 9
  65              	.LVL4:
  66 0038 4101     		addi	sp,sp,16
  67              	.LCFI1:
  68              		.cfi_def_cfa_offset 0
  69 003a 8280     		jr	ra
  70              		.cfi_endproc
  71              	.LFE4:
  73              		.text
  74              	.Letext0:
  75              		.file 2 "/home/remahl/toolchain-gd32v/toolchain-gd32v-linux/compiler/riscv64-unknown-elf/include/m
  76              		.file 3 "/home/remahl/toolchain-gd32v/toolchain-gd32v-linux/compiler/riscv64-unknown-elf/include/s
  77              		.file 4 "/home/remahl/toolchain-gd32v/toolchain-gd32v-linux/compiler/lib/gcc/riscv64-unknown-elf/8
  78              		.file 5 "/home/remahl/toolchain-gd32v/toolchain-gd32v-linux/compiler/riscv64-unknown-elf/include/s
  79              		.file 6 "/home/remahl/toolchain-gd32v/toolchain-gd32v-linux/compiler/riscv64-unknown-elf/include/s
  80              		.file 7 "/home/remahl/toolchain-gd32v/toolchain-gd32v-linux/compiler/riscv64-unknown-elf/include/s
  81              		.file 8 "/home/remahl/toolchain-gd32v/toolchain-gd32v-linux/compiler/riscv64-unknown-elf/include/s
  82              		.file 9 "../../firmware/GD32VF103_standard_peripheral/system_gd32vf103.h"
  83              		.file 10 "../../firmware/GD32VF103_standard_peripheral/gd32vf103.h"
  84              		.file 11 "../../firmware/GD32VF103_standard_peripheral/Include/gd32vf103_usart.h"
  85              		.file 12 "/home/remahl/toolchain-gd32v/toolchain-gd32v-linux/compiler/riscv64-unknown-elf/include/
GAS LISTING /tmp/cc7XEOEN.s 			page 4


DEFINED SYMBOLS
                            *ABS*:0000000000000000 write.c
     /tmp/cc7XEOEN.s:13     .text._put_char:0000000000000000 _put_char
     /tmp/cc7XEOEN.s:17     .text._put_char:0000000000000000 .L0 
     /tmp/cc7XEOEN.s:19     .text._put_char:0000000000000000 .L0 
     /tmp/cc7XEOEN.s:20     .text._put_char:0000000000000000 .L0 
     /tmp/cc7XEOEN.s:21     .text._put_char:0000000000000000 .L0 
     /tmp/cc7XEOEN.s:23     .text._put_char:0000000000000002 .L0 
     /tmp/cc7XEOEN.s:25     .text._put_char:0000000000000004 .L0 
     /tmp/cc7XEOEN.s:27     .text._put_char:0000000000000004 .L0 
     /tmp/cc7XEOEN.s:29     .text._put_char:0000000000000008 .L0 
     /tmp/cc7XEOEN.s:31     .text._put_char:000000000000000a .L0 
     /tmp/cc7XEOEN.s:32     .text._put_char:000000000000000e .L0 
     /tmp/cc7XEOEN.s:34     .text._put_char:000000000000000e .L0 
     /tmp/cc7XEOEN.s:36     .text._put_char:0000000000000010 .L0 
     /tmp/cc7XEOEN.s:39     .text._put_char:0000000000000014 .L0 
     /tmp/cc7XEOEN.s:40     .text._put_char:0000000000000016 .L0 
     /tmp/cc7XEOEN.s:42     .text._put_char:0000000000000016 .L0 
     /tmp/cc7XEOEN.s:44     .text._put_char:000000000000001a .L0 
     /tmp/cc7XEOEN.s:48     .text._put_char:0000000000000022 .L0 
     /tmp/cc7XEOEN.s:49     .text._put_char:0000000000000022 .L0 
     /tmp/cc7XEOEN.s:50     .text._put_char:0000000000000022 .L0 
     /tmp/cc7XEOEN.s:55     .text._put_char:000000000000002e .L0 
     /tmp/cc7XEOEN.s:57     .text._put_char:0000000000000030 .L0 
     /tmp/cc7XEOEN.s:58     .text._put_char:0000000000000030 .L0 
     /tmp/cc7XEOEN.s:59     .text._put_char:0000000000000032 .L0 
     /tmp/cc7XEOEN.s:61     .text._put_char:0000000000000034 .L0 
     /tmp/cc7XEOEN.s:64     .text._put_char:0000000000000038 .L0 
     /tmp/cc7XEOEN.s:68     .text._put_char:000000000000003a .L0 
     /tmp/cc7XEOEN.s:70     .text._put_char:000000000000003c .L0 
     /tmp/cc7XEOEN.s:73     .text._put_char:000000000000003c .L0 
                     .debug_frame:0000000000000000 .L0 
     /tmp/cc7XEOEN.s:47     .text._put_char:0000000000000022 .L2
     /tmp/cc7XEOEN.s:1709   .debug_abbrev:0000000000000000 .Ldebug_abbrev0
     /tmp/cc7XEOEN.s:2455   .debug_str:0000000000000323 .LASF146
     /tmp/cc7XEOEN.s:2571   .debug_str:00000000000005d6 .LASF147
     /tmp/cc7XEOEN.s:2337   .debug_str:00000000000000b6 .LASF148
     /tmp/cc7XEOEN.s:2299   .debug_ranges:0000000000000000 .Ldebug_ranges0
     /tmp/cc7XEOEN.s:2305   .debug_line:0000000000000000 .Ldebug_line0
     /tmp/cc7XEOEN.s:2345   .debug_str:0000000000000111 .LASF0
     /tmp/cc7XEOEN.s:2317   .debug_str:0000000000000037 .LASF5
     /tmp/cc7XEOEN.s:2477   .debug_str:0000000000000407 .LASF1
     /tmp/cc7XEOEN.s:2547   .debug_str:0000000000000558 .LASF2
     /tmp/cc7XEOEN.s:2559   .debug_str:000000000000058d .LASF3
     /tmp/cc7XEOEN.s:2363   .debug_str:0000000000000175 .LASF4
     /tmp/cc7XEOEN.s:2387   .debug_str:00000000000001ed .LASF6
     /tmp/cc7XEOEN.s:2409   .debug_str:000000000000024c .LASF7
     /tmp/cc7XEOEN.s:2373   .debug_str:000000000000019e .LASF8
     /tmp/cc7XEOEN.s:2349   .debug_str:0000000000000123 .LASF9
     /tmp/cc7XEOEN.s:2545   .debug_str:000000000000054b .LASF10
     /tmp/cc7XEOEN.s:2549   .debug_str:0000000000000562 .LASF11
     /tmp/cc7XEOEN.s:2569   .debug_str:00000000000005cd .LASF12
     /tmp/cc7XEOEN.s:2533   .debug_str:0000000000000516 .LASF13
     /tmp/cc7XEOEN.s:2465   .debug_str:00000000000003c8 .LASF14
     /tmp/cc7XEOEN.s:2341   .debug_str:0000000000000103 .LASF15
     /tmp/cc7XEOEN.s:2531   .debug_str:000000000000050e .LASF16
     /tmp/cc7XEOEN.s:2581   .debug_str:0000000000000620 .LASF17
GAS LISTING /tmp/cc7XEOEN.s 			page 5


     /tmp/cc7XEOEN.s:2427   .debug_str:00000000000002ac .LASF18
     /tmp/cc7XEOEN.s:2401   .debug_str:0000000000000225 .LASF19
     /tmp/cc7XEOEN.s:2523   .debug_str:00000000000004ee .LASF20
     /tmp/cc7XEOEN.s:2525   .debug_str:00000000000004f6 .LASF21
     /tmp/cc7XEOEN.s:2495   .debug_str:000000000000045d .LASF22
     /tmp/cc7XEOEN.s:2563   .debug_str:00000000000005a5 .LASF23
     /tmp/cc7XEOEN.s:2469   .debug_str:00000000000003d9 .LASF24
     /tmp/cc7XEOEN.s:2483   .debug_str:0000000000000424 .LASF25
     /tmp/cc7XEOEN.s:2395   .debug_str:0000000000000212 .LASF30
     /tmp/cc7XEOEN.s:2553   .debug_str:0000000000000571 .LASF26
     /tmp/cc7XEOEN.s:2517   .debug_str:00000000000004d9 .LASF27
     /tmp/cc7XEOEN.s:2389   .debug_str:00000000000001f8 .LASF28
     /tmp/cc7XEOEN.s:2577   .debug_str:0000000000000615 .LASF29
     /tmp/cc7XEOEN.s:2399   .debug_str:0000000000000220 .LASF31
     /tmp/cc7XEOEN.s:2339   .debug_str:00000000000000fa .LASF32
     /tmp/cc7XEOEN.s:2595   .debug_str:0000000000000665 .LASF33
     /tmp/cc7XEOEN.s:2351   .debug_str:000000000000013a .LASF34
     /tmp/cc7XEOEN.s:2607   .debug_str:000000000000069d .LASF35
     /tmp/cc7XEOEN.s:2457   .debug_str:000000000000039d .LASF36
     /tmp/cc7XEOEN.s:2443   .debug_str:00000000000002ea .LASF37
     /tmp/cc7XEOEN.s:2529   .debug_str:0000000000000504 .LASF38
     /tmp/cc7XEOEN.s:2485   .debug_str:000000000000042d .LASF39
     /tmp/cc7XEOEN.s:2591   .debug_str:000000000000064b .LASF40
     /tmp/cc7XEOEN.s:2357   .debug_str:0000000000000157 .LASF41
     /tmp/cc7XEOEN.s:2311   .debug_str:000000000000001c .LASF42
     /tmp/cc7XEOEN.s:2307   .debug_str:0000000000000000 .LASF43
     /tmp/cc7XEOEN.s:2557   .debug_str:0000000000000584 .LASF44
     /tmp/cc7XEOEN.s:2367   .debug_str:0000000000000185 .LASF45
     /tmp/cc7XEOEN.s:2459   .debug_str:00000000000003a6 .LASF46
     /tmp/cc7XEOEN.s:2509   .debug_str:00000000000004a9 .LASF47
     /tmp/cc7XEOEN.s:2385   .debug_str:00000000000001e8 .LASF48
     /tmp/cc7XEOEN.s:2487   .debug_str:0000000000000437 .LASF49
     /tmp/cc7XEOEN.s:2473   .debug_str:00000000000003f1 .LASF50
     /tmp/cc7XEOEN.s:2543   .debug_str:0000000000000545 .LASF51
     /tmp/cc7XEOEN.s:2497   .debug_str:0000000000000468 .LASF52
     /tmp/cc7XEOEN.s:2365   .debug_str:000000000000017e .LASF53
     /tmp/cc7XEOEN.s:2411   .debug_str:000000000000025e .LASF54
     /tmp/cc7XEOEN.s:2329   .debug_str:0000000000000084 .LASF55
     /tmp/cc7XEOEN.s:2359   .debug_str:0000000000000165 .LASF56
     /tmp/cc7XEOEN.s:2397   .debug_str:000000000000021a .LASF57
     /tmp/cc7XEOEN.s:2441   .debug_str:00000000000002e3 .LASF58
     /tmp/cc7XEOEN.s:2527   .debug_str:00000000000004fe .LASF59
     /tmp/cc7XEOEN.s:2343   .debug_str:000000000000010a .LASF60
     /tmp/cc7XEOEN.s:2347   .debug_str:000000000000011d .LASF61
     /tmp/cc7XEOEN.s:2587   .debug_str:000000000000063d .LASF62
     /tmp/cc7XEOEN.s:2539   .debug_str:000000000000052e .LASF63
     /tmp/cc7XEOEN.s:2379   .debug_str:00000000000001c1 .LASF64
     /tmp/cc7XEOEN.s:2413   .debug_str:0000000000000264 .LASF65
     /tmp/cc7XEOEN.s:2435   .debug_str:00000000000002ce .LASF66
     /tmp/cc7XEOEN.s:2501   .debug_str:000000000000047a .LASF67
     /tmp/cc7XEOEN.s:2489   .debug_str:000000000000043e .LASF68
     /tmp/cc7XEOEN.s:2519   .debug_str:00000000000004e1 .LASF69
     /tmp/cc7XEOEN.s:2535   .debug_str:0000000000000522 .LASF70
     /tmp/cc7XEOEN.s:2369   .debug_str:000000000000018d .LASF71
     /tmp/cc7XEOEN.s:2405   .debug_str:000000000000023c .LASF72
     /tmp/cc7XEOEN.s:2393   .debug_str:000000000000020a .LASF73
     /tmp/cc7XEOEN.s:2507   .debug_str:00000000000004a4 .LASF74
GAS LISTING /tmp/cc7XEOEN.s 			page 6


     /tmp/cc7XEOEN.s:2315   .debug_str:000000000000002c .LASF75
     /tmp/cc7XEOEN.s:2515   .debug_str:00000000000004c0 .LASF76
     /tmp/cc7XEOEN.s:2511   .debug_str:00000000000004ae .LASF77
     /tmp/cc7XEOEN.s:2461   .debug_str:00000000000003ae .LASF78
     /tmp/cc7XEOEN.s:2513   .debug_str:00000000000004b6 .LASF79
     /tmp/cc7XEOEN.s:2425   .debug_str:00000000000002a4 .LASF80
     /tmp/cc7XEOEN.s:2371   .debug_str:0000000000000194 .LASF81
     /tmp/cc7XEOEN.s:2603   .debug_str:0000000000000688 .LASF82
     /tmp/cc7XEOEN.s:2467   .debug_str:00000000000003cf .LASF83
     /tmp/cc7XEOEN.s:2407   .debug_str:0000000000000244 .LASF84
     /tmp/cc7XEOEN.s:2377   .debug_str:00000000000001b9 .LASF85
     /tmp/cc7XEOEN.s:2431   .debug_str:00000000000002ba .LASF86
     /tmp/cc7XEOEN.s:2319   .debug_str:0000000000000041 .LASF87
     /tmp/cc7XEOEN.s:2585   .debug_str:0000000000000633 .LASF88
     /tmp/cc7XEOEN.s:2361   .debug_str:000000000000016d .LASF89
     /tmp/cc7XEOEN.s:2355   .debug_str:0000000000000152 .LASF90
     /tmp/cc7XEOEN.s:2537   .debug_str:0000000000000529 .LASF91
     /tmp/cc7XEOEN.s:2493   .debug_str:0000000000000456 .LASF92
     /tmp/cc7XEOEN.s:2579   .debug_str:000000000000061a .LASF93
     /tmp/cc7XEOEN.s:2415   .debug_str:000000000000026a .LASF94
     /tmp/cc7XEOEN.s:2479   .debug_str:0000000000000415 .LASF95
     /tmp/cc7XEOEN.s:2313   .debug_str:0000000000000024 .LASF96
     /tmp/cc7XEOEN.s:2521   .debug_str:00000000000004e8 .LASF97
     /tmp/cc7XEOEN.s:2437   .debug_str:00000000000002d4 .LASF98
     /tmp/cc7XEOEN.s:2561   .debug_str:00000000000005a0 .LASF99
     /tmp/cc7XEOEN.s:2573   .debug_str:00000000000005f9 .LASF100
     /tmp/cc7XEOEN.s:2555   .debug_str:0000000000000577 .LASF101
     /tmp/cc7XEOEN.s:2421   .debug_str:0000000000000288 .LASF102
     /tmp/cc7XEOEN.s:2593   .debug_str:0000000000000656 .LASF103
     /tmp/cc7XEOEN.s:2463   .debug_str:00000000000003b9 .LASF104
     /tmp/cc7XEOEN.s:2417   .debug_str:0000000000000271 .LASF105
     /tmp/cc7XEOEN.s:2597   .debug_str:000000000000066e .LASF106
     /tmp/cc7XEOEN.s:2505   .debug_str:0000000000000497 .LASF107
     /tmp/cc7XEOEN.s:2601   .debug_str:000000000000067a .LASF108
     /tmp/cc7XEOEN.s:2353   .debug_str:0000000000000144 .LASF109
     /tmp/cc7XEOEN.s:2583   .debug_str:0000000000000629 .LASF110
     /tmp/cc7XEOEN.s:2419   .debug_str:000000000000027c .LASF111
     /tmp/cc7XEOEN.s:2565   .debug_str:00000000000005ad .LASF112
     /tmp/cc7XEOEN.s:2383   .debug_str:00000000000001da .LASF113
     /tmp/cc7XEOEN.s:2335   .debug_str:00000000000000a7 .LASF114
     /tmp/cc7XEOEN.s:2381   .debug_str:00000000000001c9 .LASF115
     /tmp/cc7XEOEN.s:2321   .debug_str:000000000000004a .LASF116
     /tmp/cc7XEOEN.s:2323   .debug_str:0000000000000059 .LASF117
     /tmp/cc7XEOEN.s:2481   .debug_str:000000000000041b .LASF118
     /tmp/cc7XEOEN.s:2453   .debug_str:000000000000031c .LASF119
     /tmp/cc7XEOEN.s:2445   .debug_str:00000000000002f4 .LASF120
     /tmp/cc7XEOEN.s:2589   .debug_str:0000000000000643 .LASF121
     /tmp/cc7XEOEN.s:2331   .debug_str:000000000000008d .LASF149
     /tmp/cc7XEOEN.s:2391   .debug_str:00000000000001fe .LASF122
     /tmp/cc7XEOEN.s:2567   .debug_str:00000000000005ba .LASF123
     /tmp/cc7XEOEN.s:2375   .debug_str:00000000000001ac .LASF124
     /tmp/cc7XEOEN.s:2499   .debug_str:0000000000000470 .LASF125
     /tmp/cc7XEOEN.s:2403   .debug_str:000000000000022c .LASF126
     /tmp/cc7XEOEN.s:2471   .debug_str:00000000000003eb .LASF127
     /tmp/cc7XEOEN.s:2333   .debug_str:0000000000000098 .LASF128
     /tmp/cc7XEOEN.s:2575   .debug_str:0000000000000606 .LASF129
     /tmp/cc7XEOEN.s:2433   .debug_str:00000000000002bf .LASF130
GAS LISTING /tmp/cc7XEOEN.s 			page 7


     /tmp/cc7XEOEN.s:2541   .debug_str:0000000000000537 .LASF131
     /tmp/cc7XEOEN.s:2475   .debug_str:00000000000003f7 .LASF132
     /tmp/cc7XEOEN.s:2309   .debug_str:000000000000000c .LASF133
     /tmp/cc7XEOEN.s:2449   .debug_str:0000000000000304 .LASF134
     /tmp/cc7XEOEN.s:2327   .debug_str:0000000000000074 .LASF135
     /tmp/cc7XEOEN.s:2605   .debug_str:000000000000068d .LASF136
     /tmp/cc7XEOEN.s:2491   .debug_str:0000000000000446 .LASF137
     /tmp/cc7XEOEN.s:2429   .debug_str:00000000000002b2 .LASF138
     /tmp/cc7XEOEN.s:2447   .debug_str:00000000000002fd .LASF139
     /tmp/cc7XEOEN.s:2451   .debug_str:0000000000000315 .LASF140
     /tmp/cc7XEOEN.s:2551   .debug_str:000000000000056a .LASF141
     /tmp/cc7XEOEN.s:2599   .debug_str:0000000000000673 .LASF142
     /tmp/cc7XEOEN.s:2439   .debug_str:00000000000002da .LASF143
     /tmp/cc7XEOEN.s:2325   .debug_str:000000000000006a .LASF150
     /tmp/cc7XEOEN.s:14     .text._put_char:0000000000000000 .LFB4
     /tmp/cc7XEOEN.s:71     .text._put_char:000000000000003c .LFE4
     /tmp/cc7XEOEN.s:2253   .debug_loc:0000000000000000 .LLST0
     /tmp/cc7XEOEN.s:2271   .debug_loc:000000000000002c .LLST1
     /tmp/cc7XEOEN.s:45     .text._put_char:0000000000000022 .LVL2
     /tmp/cc7XEOEN.s:53     .text._put_char:000000000000002e .LVL3
     /tmp/cc7XEOEN.s:2503   .debug_str:0000000000000483 .LASF144
     /tmp/cc7XEOEN.s:2423   .debug_str:0000000000000295 .LASF145
     /tmp/cc7XEOEN.s:22     .text._put_char:0000000000000002 .LCFI0
     /tmp/cc7XEOEN.s:67     .text._put_char:000000000000003a .LCFI1
     /tmp/cc7XEOEN.s:18     .text._put_char:0000000000000000 .LVL0
     /tmp/cc7XEOEN.s:37     .text._put_char:0000000000000014 .LVL1
     /tmp/cc7XEOEN.s:65     .text._put_char:0000000000000038 .LVL4
     /tmp/cc7XEOEN.s:87     .debug_info:0000000000000000 .Ldebug_info0

UNDEFINED SYMBOLS
usart_data_transmit
usart_flag_get
